<?xml version="1.0" encoding="UTF-8"?>
<testsuite xmlns:xsi="http://www.w3.org/2001/XMLSchema-instance" xsi:noNamespaceSchemaLocation="https://maven.apache.org/surefire/maven-surefire-plugin/xsd/surefire-test-report.xsd" version="3.0.2" name="com.senolight.InventoryManagementSystem.InventoryManagementSystemApplicationTests" time="1.322" tests="1" errors="0" skipped="0" failures="0">
  <properties>
[...]
</properties>
  <testcase name="contextLoads" classname="com.senolight.InventoryManagementSystem.InventoryManagementSystemApplicationTests" time="0.012">
    <system-out><![CDATA[2025-08-14T11:46:21.038+01:00 DEBUG 15156 --- [InventoryManagementSystem] [           main] .b.t.c.SpringBootTestContextBootstrapper : Neither @ContextConfiguration nor @ContextHierarchy found for test class [InventoryManagementSystemApplicationTests]: using SpringBootContextLoader
2025-08-14T11:46:21.040+01:00 DEBUG 15156 --- [InventoryManagementSystem] [           main] o.s.t.c.support.AbstractContextLoader    : Could not detect default resource locations for test class [com.senolight.InventoryManagementSystem.InventoryManagementSystemApplicationTests]: no resource found for suffixes {-context.xml, Context.groovy}.
2025-08-14T11:46:21.041+01:00  INFO 15156 --- [InventoryManagementSystem] [           main] t.c.s.AnnotationConfigContextLoaderUtils : Could not detect default configuration classes for test class [com.senolight.InventoryManagementSystem.InventoryManagementSystemApplicationTests]: InventoryManagementSystemApplicationTests does not declare any static, non-private, non-final, nested classes annotated with @Configuration.
2025-08-14T11:46:21.045+01:00 DEBUG 15156 --- [InventoryManagementSystem] [           main] .b.t.c.SpringBootTestContextBootstrapper : Using ContextCustomizerFactory implementations for test class [InventoryManagementSystemApplicationTests]: [ImportsContextCustomizerFactory, ExcludeFilterContextCustomizerFactory, HttpGraphQlTesterContextCustomizerFactory, DuplicateJsonObjectContextCustomizerFactory, MockitoContextCustomizerFactory, TestRestTemplateContextCustomizerFactory, WebTestClientContextCustomizerFactory, DisableReactorResourceFactoryGlobalResourcesContextCustomizerFactory, OnFailureConditionReportContextCustomizerFactory, OverrideAutoConfigurationContextCustomizerFactory, ObservabilityContextCustomizerFactory, TypeExcludeFiltersContextCustomizerFactory, PropertyMappingContextCustomizerFactory, WebDriverContextCustomizerFactory, BeanOverrideContextCustomizerFactory, MockServerContainerContextCustomizerFactory, DynamicPropertiesContextCustomizerFactory]
2025-08-14T11:46:21.047+01:00 DEBUG 15156 --- [InventoryManagementSystem] [           main] .b.t.c.SpringBootTestContextBootstrapper : Using ContextCustomizers for test class [InventoryManagementSystemApplicationTests]: [ImportsContextCustomizer, ExcludeFilterContextCustomizer, DuplicateJsonObjectContextCustomizer, MockitoContextCustomizer, TestRestTemplateContextCustomizer, DisableReactorResourceFactoryGlobalResourcesContextCustomizerCustomizer, OnFailureConditionReportContextCustomizer, DisableObservabilityContextCustomizer, PropertyMappingContextCustomizer, WebDriverContextCustomizer, DynamicPropertiesContextCustomizer]
2025-08-14T11:46:21.061+01:00 DEBUG 15156 --- [InventoryManagementSystem] [           main] ssPathScanningCandidateComponentProvider : Identified candidate component class: file [C:\Users\Owner\IdeaProjects\Inventory-Management-System\InventoryManagementSystem\target\classes\com\senolight\InventoryManagementSystem\InventoryManagementSystemApplication.class]
2025-08-14T11:46:21.062+01:00  INFO 15156 --- [InventoryManagementSystem] [           main] .b.t.c.SpringBootTestContextBootstrapper : Found @SpringBootConfiguration com.senolight.InventoryManagementSystem.InventoryManagementSystemApplication for test class com.senolight.InventoryManagementSystem.InventoryManagementSystemApplicationTests
2025-08-14T11:46:21.064+01:00 DEBUG 15156 --- [InventoryManagementSystem] [           main] .s.t.c.u.TestContextSpringFactoriesUtils : Skipping candidate TestExecutionListener [org.springframework.test.context.observation.MicrometerObservationRegistryTestExecutionListener] due to a missing dependency. Specify custom TestExecutionListener classes or make the default TestExecutionListener classes and their required dependencies available. Offending class: io.micrometer.context.ThreadLocalAccessor. MicrometerObservationRegistryTestExecutionListener requires io.micrometer:micrometer-observation:1.10.8 or higher and io.micrometer:context-propagation:1.0.3 or higher.
2025-08-14T11:46:21.065+01:00 DEBUG 15156 --- [InventoryManagementSystem] [           main] .b.t.c.SpringBootTestContextBootstrapper : Using TestExecutionListeners for test class [InventoryManagementSystemApplicationTests]: [ServletTestExecutionListener, DirtiesContextBeforeModesTestExecutionListener, ApplicationEventsTestExecutionListener, MockitoTestExecutionListener, BeanOverrideTestExecutionListener, DependencyInjectionTestExecutionListener, DirtiesContextTestExecutionListener, CommonCachesTestExecutionListener, TransactionalTestExecutionListener, SqlScriptsTestExecutionListener, EventPublishingTestExecutionListener, WithSecurityContextTestExecutionListener, ReactorContextTestExecutionListener, ResetMocksTestExecutionListener, RestDocsTestExecutionListener, MockRestServiceServerResetTestExecutionListener, MockMvcPrintOnlyOnFailureTestExecutionListener, WebDriverTestExecutionListener, MockWebServiceServerTestExecutionListener, MockitoResetTestExecutionListener]
2025-08-14T11:46:21.065+01:00 DEBUG 15156 --- [InventoryManagementSystem] [           main] sContextBeforeModesTestExecutionListener : Before test class: class [InventoryManagementSystemApplicationTests], class annotated with @DirtiesContext [false] with mode [null]
2025-08-14T11:46:21.070+01:00  INFO 15156 --- [InventoryManagementSystem] [           main] o.s.b.d.r.RestartApplicationListener     : Restart disabled due to context in which it is running
2025-08-14T11:46:21.102+01:00 DEBUG 15156 --- [InventoryManagementSystem] [           main] .s.b.w.s.c.ApplicationServletEnvironment : Activating profiles []
2025-08-14T11:46:21.104+01:00 DEBUG 15156 --- [InventoryManagementSystem] [           main] o.s.c.e.PropertySourcesPropertyResolver  : Found key 'spring.application.name' in PropertySource 'configurationProperties' with value of type String

  .   ____          _            __ _ _
 /\\ / ___'_ __ _ _(_)_ __  __ _ \ \ \ \
( ( )\___ | '_ | '_| | '_ \/ _` | \ \ \ \
 \\/  ___)| |_)| | | | | || (_| |  ) ) ) )
  '  |____| .__|_| |_|_| |_\__, | / / / /
 =========|_|==============|___/=/_/_/_/

 :: Spring Boot ::                (v3.5.3)

2025-08-14T11:46:21.113+01:00  INFO 15156 --- [InventoryManagementSystem] [           main] nventoryManagementSystemApplicationTests : Starting InventoryManagementSystemApplicationTests using Java 24.0.2 with PID 15156 (started by Owner in C:\Users\Owner\IdeaProjects\Inventory-Management-System\InventoryManagementSystem)
2025-08-14T11:46:21.113+01:00  INFO 15156 --- [InventoryManagementSystem] [           main] nventoryManagementSystemApplicationTests : No active profile set, falling back to 1 default profile: "default"
2025-08-14T11:46:21.113+01:00 DEBUG 15156 --- [InventoryManagementSystem] [           main] o.s.boot.SpringApplication               : Loading source class com.senolight.InventoryManagementSystem.InventoryManagementSystemApplication
2025-08-14T11:46:21.115+01:00 DEBUG 15156 --- [InventoryManagementSystem] [           main] o.s.w.c.s.GenericWebApplicationContext   : Refreshing org.springframework.web.context.support.GenericWebApplicationContext@104ea372
2025-08-14T11:46:21.116+01:00 DEBUG 15156 --- [InventoryManagementSystem] [           main] o.s.b.f.s.DefaultListableBeanFactory     : Creating shared instance of singleton bean 'org.springframework.context.annotation.internalConfigurationAnnotationProcessor'
2025-08-14T11:46:21.117+01:00 DEBUG 15156 --- [InventoryManagementSystem] [           main] o.s.b.f.s.DefaultListableBeanFactory     : Creating shared instance of singleton bean 'org.springframework.boot.autoconfigure.internalCachingMetadataReaderFactory'
2025-08-14T11:46:21.158+01:00 DEBUG 15156 --- [InventoryManagementSystem] [           main] o.s.c.a.ClassPathBeanDefinitionScanner   : Identified candidate component class: file [C:\Users\Owner\IdeaProjects\Inventory-Management-System\InventoryManagementSystem\target\classes\com\senolight\InventoryManagementSystem\controller\ProductController.class]
2025-08-14T11:46:21.159+01:00 DEBUG 15156 --- [InventoryManagementSystem] [           main] o.s.c.a.ClassPathBeanDefinitionScanner   : Identified candidate component class: file [C:\Users\Owner\IdeaProjects\Inventory-Management-System\InventoryManagementSystem\target\classes\com\senolight\InventoryManagementSystem\controller\SalesController.class]
2025-08-14T11:46:21.159+01:00 DEBUG 15156 --- [InventoryManagementSystem] [           main] o.s.c.a.ClassPathBeanDefinitionScanner   : Identified candidate component class: file [C:\Users\Owner\IdeaProjects\Inventory-Management-System\InventoryManagementSystem\target\classes\com\senolight\InventoryManagementSystem\controller\StatsController.class]
2025-08-14T11:46:21.163+01:00 DEBUG 15156 --- [InventoryManagementSystem] [           main] o.s.c.a.ClassPathBeanDefinitionScanner   : Ignored because not a concrete top-level class: file [C:\Users\Owner\IdeaProjects\Inventory-Management-System\InventoryManagementSystem\target\classes\com\senolight\InventoryManagementSystem\repository\RoleRepository.class]
2025-08-14T11:46:21.163+01:00 DEBUG 15156 --- [InventoryManagementSystem] [           main] o.s.c.a.ClassPathBeanDefinitionScanner   : Ignored because not a concrete top-level class: file [C:\Users\Owner\IdeaProjects\Inventory-Management-System\InventoryManagementSystem\target\classes\com\senolight\InventoryManagementSystem\repository\SalesRepository.class]
2025-08-14T11:46:21.163+01:00 DEBUG 15156 --- [InventoryManagementSystem] [           main] o.s.c.a.ClassPathBeanDefinitionScanner   : Ignored because not a concrete top-level class: file [C:\Users\Owner\IdeaProjects\Inventory-Management-System\InventoryManagementSystem\target\classes\com\senolight\InventoryManagementSystem\repository\UserRepository.class]
2025-08-14T11:46:21.165+01:00 DEBUG 15156 --- [InventoryManagementSystem] [           main] o.s.c.a.ClassPathBeanDefinitionScanner   : Identified candidate component class: file [C:\Users\Owner\IdeaProjects\Inventory-Management-System\InventoryManagementSystem\target\classes\com\senolight\InventoryManagementSystem\security\CustomUserDetailsService.class]
2025-08-14T11:46:21.165+01:00 DEBUG 15156 --- [InventoryManagementSystem] [           main] o.s.c.a.ClassPathBeanDefinitionScanner   : Identified candidate component class: file [C:\Users\Owner\IdeaProjects\Inventory-Management-System\InventoryManagementSystem\target\classes\com\senolight\InventoryManagementSystem\security\SecurityConfig.class]
2025-08-14T11:46:21.165+01:00 DEBUG 15156 --- [InventoryManagementSystem] [           main] o.s.c.a.ClassPathBeanDefinitionScanner   : Identified candidate component class: file [C:\Users\Owner\IdeaProjects\Inventory-Management-System\InventoryManagementSystem\target\classes\com\senolight\InventoryManagementSystem\service\InvoiceService.class]
2025-08-14T11:46:21.165+01:00 DEBUG 15156 --- [InventoryManagementSystem] [           main] o.s.c.a.ClassPathBeanDefinitionScanner   : Identified candidate component class: file [C:\Users\Owner\IdeaProjects\Inventory-Management-System\InventoryManagementSystem\target\classes\com\senolight\InventoryManagementSystem\service\ProductService.class]
2025-08-14T11:46:21.165+01:00 DEBUG 15156 --- [InventoryManagementSystem] [           main] o.s.c.a.ClassPathBeanDefinitionScanner   : Identified candidate component class: file [C:\Users\Owner\IdeaProjects\Inventory-Management-System\InventoryManagementSystem\target\classes\com\senolight\InventoryManagementSystem\service\SalesService.class]
2025-08-14T11:46:21.167+01:00 DEBUG 15156 --- [InventoryManagementSystem] [           main] o.s.c.a.ClassPathBeanDefinitionScanner   : Identified candidate component class: file [C:\Users\Owner\IdeaProjects\Inventory-Management-System\InventoryManagementSystem\target\classes\com\senolight\InventoryManagementSystem\service\StatsService.class]
2025-08-14T11:46:21.444+01:00  INFO 15156 --- [InventoryManagementSystem] [           main] .s.d.r.c.RepositoryConfigurationDelegate : Bootstrapping Spring Data JPA repositories in DEFAULT mode.
2025-08-14T11:46:21.445+01:00 DEBUG 15156 --- [InventoryManagementSystem] [           main] o.s.b.f.s.DefaultListableBeanFactory     : Creating shared instance of singleton bean 'org.springframework.boot.autoconfigure.AutoConfigurationPackages'
2025-08-14T11:46:21.446+01:00 DEBUG 15156 --- [InventoryManagementSystem] [           main] o.s.b.a.AutoConfigurationPackages        : @EnableAutoConfiguration was declared on a class in the package 'com.senolight.InventoryManagementSystem'. Automatic @Repository and @Entity scanning is enabled.
2025-08-14T11:46:21.446+01:00 DEBUG 15156 --- [InventoryManagementSystem] [           main] .s.d.r.c.RepositoryConfigurationDelegate : Scanning for JPA repositories in packages com.senolight.InventoryManagementSystem.
2025-08-14T11:46:21.456+01:00 DEBUG 15156 --- [InventoryManagementSystem] [           main] o.s.d.r.c.RepositoryComponentProvider    : Identified candidate component class: file [C:\Users\Owner\IdeaProjects\Inventory-Management-System\InventoryManagementSystem\target\classes\com\senolight\InventoryManagementSystem\repository\ProductRepository.class]
2025-08-14T11:46:21.458+01:00 DEBUG 15156 --- [InventoryManagementSystem] [           main] o.s.d.r.c.RepositoryComponentProvider    : Identified candidate component class: file [C:\Users\Owner\IdeaProjects\Inventory-Management-System\InventoryManagementSystem\target\classes\com\senolight\InventoryManagementSystem\repository\RoleRepository.class]
2025-08-14T11:46:21.458+01:00 DEBUG 15156 --- [InventoryManagementSystem] [           main] o.s.d.r.c.RepositoryComponentProvider    : Identified candidate component class: file [C:\Users\Owner\IdeaProjects\Inventory-Management-System\InventoryManagementSystem\target\classes\com\senolight\InventoryManagementSystem\repository\SalesRepository.class]
2025-08-14T11:46:21.458+01:00 DEBUG 15156 --- [InventoryManagementSystem] [           main] o.s.d.r.c.RepositoryComponentProvider    : Identified candidate component class: file [C:\Users\Owner\IdeaProjects\Inventory-Management-System\InventoryManagementSystem\target\classes\com\senolight\InventoryManagementSystem\repository\UserRepository.class]
2025-08-14T11:46:21.476+01:00  INFO 15156 --- [InventoryManagementSystem] [           main] .s.d.r.c.RepositoryConfigurationDelegate : Finished Spring Data repository scanning in 30 ms. Found 4 JPA repository interfaces.
2025-08-14T11:46:21.533+01:00 DEBUG 15156 --- [InventoryManagementSystem] [           main] o.s.b.f.s.DefaultListableBeanFactory     : Creating shared instance of singleton bean 'org.springframework.boot.test.context.ImportsContextCustomizer$ImportsCleanupPostProcessor'
2025-08-14T11:46:21.533+01:00 DEBUG 15156 --- [InventoryManagementSystem] [           main] o.s.b.f.s.DefaultListableBeanFactory     : Creating shared instance of singleton bean 'springSecurityPathPatternParserBeanDefinitionRegistryPostProcessor'
2025-08-14T11:46:21.534+01:00 DEBUG 15156 --- [InventoryManagementSystem] [           main] o.s.b.f.s.DefaultListableBeanFactory     : Creating shared instance of singleton bean 'springSecurityHandlerMappingIntrospectorBeanDefinitionRegistryPostProcessor'
2025-08-14T11:46:21.537+01:00 DEBUG 15156 --- [InventoryManagementSystem] [           main] o.s.b.f.s.DefaultListableBeanFactory     : Creating shared instance of singleton bean 'propertySourcesPlaceholderConfigurer'
2025-08-14T11:46:21.541+01:00 DEBUG 15156 --- [InventoryManagementSystem] [           main] o.s.b.f.s.DefaultListableBeanFactory     : Creating shared instance of singleton bean 'org.springframework.boot.test.mock.mockito.MockitoPostProcessor'
2025-08-14T11:46:21.543+01:00 DEBUG 15156 --- [InventoryManagementSystem] [           main] o.s.b.f.s.DefaultListableBeanFactory     : Creating shared instance of singleton bean 'emBeanDefinitionRegistrarPostProcessor'
2025-08-14T11:46:21.543+01:00 DEBUG 15156 --- [InventoryManagementSystem] [           main] o.s.b.f.s.DefaultListableBeanFactory     : Creating shared instance of singleton bean 'org.springframework.boot.sql.init.dependency.DatabaseInitializationDependencyConfigurer$DependsOnDatabaseInitializationPostProcessor'
2025-08-14T11:46:21.553+01:00 DEBUG 15156 --- [InventoryManagementSystem] [           main] o.s.b.f.s.DefaultListableBeanFactory     : Creating shared instance of singleton bean 'org.springframework.context.event.internalEventListenerProcessor'
2025-08-14T11:46:21.553+01:00 DEBUG 15156 --- [InventoryManagementSystem] [           main] o.s.b.f.s.DefaultListableBeanFactory     : Creating shared instance of singleton bean 'conversionServicePostProcessor'
2025-08-14T11:46:21.553+01:00 DEBUG 15156 --- [InventoryManagementSystem] [           main] o.s.b.f.s.DefaultListableBeanFactory     : Creating shared instance of singleton bean 'bootstrapExecutorAliasPostProcessor'
2025-08-14T11:46:21.554+01:00 DEBUG 15156 --- [InventoryManagementSystem] [           main] o.s.b.f.s.DefaultListableBeanFactory     : Creating shared instance of singleton bean 'preserveErrorControllerTargetClassPostProcessor'
2025-08-14T11:46:21.554+01:00 DEBUG 15156 --- [InventoryManagementSystem] [           main] o.s.b.f.s.DefaultListableBeanFactory     : Creating shared instance of singleton bean 'org.springframework.context.event.internalEventListenerFactory'
2025-08-14T11:46:21.554+01:00 DEBUG 15156 --- [InventoryManagementSystem] [           main] o.s.b.f.s.DefaultListableBeanFactory     : Creating shared instance of singleton bean 'org.springframework.transaction.config.internalTransactionalEventListenerFactory'
2025-08-14T11:46:21.556+01:00 DEBUG 15156 --- [InventoryManagementSystem] [           main] o.s.b.f.s.DefaultListableBeanFactory     : Creating shared instance of singleton bean 'org.springframework.context.annotation.internalAutowiredAnnotationProcessor'
2025-08-14T11:46:21.557+01:00 DEBUG 15156 --- [InventoryManagementSystem] [           main] o.s.b.f.s.DefaultListableBeanFactory     : Creating shared instance of singleton bean 'org.springframework.context.annotation.internalCommonAnnotationProcessor'
2025-08-14T11:46:21.558+01:00 DEBUG 15156 --- [InventoryManagementSystem] [           main] o.s.b.f.s.DefaultListableBeanFactory     : Creating shared instance of singleton bean 'org.springframework.context.annotation.internalPersistenceAnnotationProcessor'
2025-08-14T11:46:21.558+01:00 DEBUG 15156 --- [InventoryManagementSystem] [           main] o.s.b.f.s.DefaultListableBeanFactory     : Creating shared instance of singleton bean 'org.springframework.boot.test.mock.mockito.MockitoPostProcessor$SpyPostProcessor'
2025-08-14T11:46:21.558+01:00 DEBUG 15156 --- [InventoryManagementSystem] [           main] o.s.b.f.s.DefaultListableBeanFactory     : Creating shared instance of singleton bean 'org.springframework.boot.context.properties.ConfigurationPropertiesBindingPostProcessor'
2025-08-14T11:46:21.558+01:00 DEBUG 15156 --- [InventoryManagementSystem] [           main] o.s.b.f.s.DefaultListableBeanFactory     : Creating shared instance of singleton bean 'org.springframework.boot.context.internalConfigurationPropertiesBinder'
2025-08-14T11:46:21.559+01:00 DEBUG 15156 --- [InventoryManagementSystem] [           main] o.s.b.f.s.DefaultListableBeanFactory     : Creating shared instance of singleton bean 'jdbcConnectionDetailsHikariBeanPostProcessor'
2025-08-14T11:46:21.559+01:00 DEBUG 15156 --- [InventoryManagementSystem] [           main] o.s.b.f.s.DefaultListableBeanFactory     : Creating shared instance of singleton bean 'org.springframework.aop.config.internalAutoProxyCreator'
2025-08-14T11:46:21.561+01:00 DEBUG 15156 --- [InventoryManagementSystem] [           main] o.s.b.f.s.DefaultListableBeanFactory     : Creating shared instance of singleton bean 'persistenceExceptionTranslationPostProcessor'
2025-08-14T11:46:21.561+01:00 DEBUG 15156 --- [InventoryManagementSystem] [           main] o.s.b.f.s.DefaultListableBeanFactory     : Autowiring by type from bean name 'persistenceExceptionTranslationPostProcessor' via factory method to bean named 'environment'
2025-08-14T11:46:21.562+01:00 DEBUG 15156 --- [InventoryManagementSystem] [           main] o.s.b.f.s.DefaultListableBeanFactory     : Creating shared instance of singleton bean 'webServerFactoryCustomizerBeanPostProcessor'
2025-08-14T11:46:21.562+01:00 DEBUG 15156 --- [InventoryManagementSystem] [           main] o.s.b.f.s.DefaultListableBeanFactory     : Creating shared instance of singleton bean 'errorPageRegistrarBeanPostProcessor'
2025-08-14T11:46:21.562+01:00 DEBUG 15156 --- [InventoryManagementSystem] [           main] o.s.b.f.s.DefaultListableBeanFactory     : Creating shared instance of singleton bean 'projectingArgumentResolverBeanPostProcessor'
2025-08-14T11:46:21.562+01:00 DEBUG 15156 --- [InventoryManagementSystem] [           main] o.s.b.f.s.DefaultListableBeanFactory     : Creating shared instance of singleton bean 'org.springframework.transaction.config.internalTransactionAdvisor'
2025-08-14T11:46:21.562+01:00 DEBUG 15156 --- [InventoryManagementSystem] [           main] o.s.b.f.s.DefaultListableBeanFactory     : Creating shared instance of singleton bean 'org.springframework.transaction.annotation.ProxyTransactionManagementConfiguration'
2025-08-14T11:46:21.571+01:00 DEBUG 15156 --- [InventoryManagementSystem] [           main] o.s.b.f.s.DefaultListableBeanFactory     : Creating shared instance of singleton bean 'transactionAttributeSource'
2025-08-14T11:46:21.572+01:00 DEBUG 15156 --- [InventoryManagementSystem] [           main] o.s.b.f.s.DefaultListableBeanFactory     : Creating shared instance of singleton bean 'transactionInterceptor'
2025-08-14T11:46:21.573+01:00 DEBUG 15156 --- [InventoryManagementSystem] [           main] o.s.b.f.s.DefaultListableBeanFactory     : Autowiring by type from bean name 'transactionInterceptor' via factory method to bean named 'transactionAttributeSource'
2025-08-14T11:46:21.574+01:00 DEBUG 15156 --- [InventoryManagementSystem] [           main] o.s.b.f.s.DefaultListableBeanFactory     : Autowiring by type from bean name 'org.springframework.transaction.config.internalTransactionAdvisor' via factory method to bean named 'transactionAttributeSource'
2025-08-14T11:46:21.574+01:00 DEBUG 15156 --- [InventoryManagementSystem] [           main] o.s.b.f.s.DefaultListableBeanFactory     : Autowiring by type from bean name 'org.springframework.transaction.config.internalTransactionAdvisor' via factory method to bean named 'transactionInterceptor'
2025-08-14T11:46:21.575+01:00 DEBUG 15156 --- [InventoryManagementSystem] [           main] o.s.u.c.s.UiApplicationContextUtils      : Unable to locate ThemeSource with name 'themeSource': using default [org.springframework.ui.context.support.ResourceBundleThemeSource@14a37127]
2025-08-14T11:46:21.575+01:00 DEBUG 15156 --- [InventoryManagementSystem] [           main] o.s.b.f.s.DefaultListableBeanFactory     : Creating shared instance of singleton bean 'applicationTaskExecutor'
2025-08-14T11:46:21.576+01:00 DEBUG 15156 --- [InventoryManagementSystem] [           main] o.s.b.f.s.DefaultListableBeanFactory     : Creating shared instance of singleton bean 'org.springframework.boot.autoconfigure.task.TaskExecutorConfigurations$TaskExecutorConfiguration'
2025-08-14T11:46:21.577+01:00 DEBUG 15156 --- [InventoryManagementSystem] [           main] o.s.b.f.s.DefaultListableBeanFactory     : Creating shared instance of singleton bean 'threadPoolTaskExecutorBuilder'
2025-08-14T11:46:21.577+01:00 DEBUG 15156 --- [InventoryManagementSystem] [           main] o.s.b.f.s.DefaultListableBeanFactory     : Creating shared instance of singleton bean 'org.springframework.boot.autoconfigure.task.TaskExecutorConfigurations$ThreadPoolTaskExecutorBuilderConfiguration'
2025-08-14T11:46:21.578+01:00 DEBUG 15156 --- [InventoryManagementSystem] [           main] o.s.b.f.s.DefaultListableBeanFactory     : Creating shared instance of singleton bean 'spring.task.execution-org.springframework.boot.autoconfigure.task.TaskExecutionProperties'
2025-08-14T11:46:21.578+01:00 DEBUG 15156 --- [InventoryManagementSystem] [           main] o.s.b.f.s.DefaultListableBeanFactory     : Creating shared instance of singleton bean 'org.springframework.boot.context.properties.BoundConfigurationProperties'
2025-08-14T11:46:21.581+01:00 DEBUG 15156 --- [InventoryManagementSystem] [           main] o.s.b.f.s.DefaultListableBeanFactory     : Autowiring by type from bean name 'threadPoolTaskExecutorBuilder' via factory method to bean named 'spring.task.execution-org.springframework.boot.autoconfigure.task.TaskExecutionProperties'
2025-08-14T11:46:21.582+01:00 DEBUG 15156 --- [InventoryManagementSystem] [           main] o.s.b.f.s.DefaultListableBeanFactory     : Autowiring by type from bean name 'applicationTaskExecutor' via factory method to bean named 'threadPoolTaskExecutorBuilder'
2025-08-14T11:46:21.582+01:00 DEBUG 15156 --- [InventoryManagementSystem] [           main] o.s.s.concurrent.ThreadPoolTaskExecutor  : Initializing ExecutorService 'applicationTaskExecutor'
2025-08-14T11:46:21.584+01:00 DEBUG 15156 --- [InventoryManagementSystem] [           main] o.s.b.f.s.DefaultListableBeanFactory     : Creating shared instance of singleton bean 'org.springframework.test.context.support.internalDynamicPropertyRegistrarBeanInitializer'
2025-08-14T11:46:21.585+01:00 DEBUG 15156 --- [InventoryManagementSystem] [           main] o.s.b.f.s.DefaultListableBeanFactory     : Creating shared instance of singleton bean 'dataSourceScriptDatabaseInitializer'
2025-08-14T11:46:21.585+01:00 DEBUG 15156 --- [InventoryManagementSystem] [           main] o.s.b.f.s.DefaultListableBeanFactory     : Creating shared instance of singleton bean 'org.springframework.boot.autoconfigure.sql.init.DataSourceInitializationConfiguration'
2025-08-14T11:46:21.586+01:00 DEBUG 15156 --- [InventoryManagementSystem] [           main] o.s.b.f.s.DefaultListableBeanFactory     : Creating shared instance of singleton bean 'dataSource'
2025-08-14T11:46:21.586+01:00 DEBUG 15156 --- [InventoryManagementSystem] [           main] o.s.b.f.s.DefaultListableBeanFactory     : Creating shared instance of singleton bean 'org.springframework.boot.autoconfigure.jdbc.DataSourceConfiguration$Hikari'
2025-08-14T11:46:21.587+01:00 DEBUG 15156 --- [InventoryManagementSystem] [           main] o.s.b.f.s.DefaultListableBeanFactory     : Creating shared instance of singleton bean 'spring.datasource-org.springframework.boot.autoconfigure.jdbc.DataSourceProperties'
2025-08-14T11:46:21.590+01:00 DEBUG 15156 --- [InventoryManagementSystem] [           main] o.s.b.f.s.DefaultListableBeanFactory     : Creating shared instance of singleton bean 'jdbcConnectionDetails'
2025-08-14T11:46:21.591+01:00 DEBUG 15156 --- [InventoryManagementSystem] [           main] o.s.b.f.s.DefaultListableBeanFactory     : Creating shared instance of singleton bean 'org.springframework.boot.autoconfigure.jdbc.DataSourceAutoConfiguration$PooledDataSourceConfiguration'
2025-08-14T11:46:21.592+01:00 DEBUG 15156 --- [InventoryManagementSystem] [           main] o.s.b.f.s.DefaultListableBeanFactory     : Autowiring by type from bean name 'jdbcConnectionDetails' via factory method to bean named 'spring.datasource-org.springframework.boot.autoconfigure.jdbc.DataSourceProperties'
2025-08-14T11:46:21.593+01:00 DEBUG 15156 --- [InventoryManagementSystem] [           main] o.s.b.f.s.DefaultListableBeanFactory     : Autowiring by type from bean name 'dataSource' via factory method to bean named 'spring.datasource-org.springframework.boot.autoconfigure.jdbc.DataSourceProperties'
2025-08-14T11:46:21.593+01:00 DEBUG 15156 --- [InventoryManagementSystem] [           main] o.s.b.f.s.DefaultListableBeanFactory     : Autowiring by type from bean name 'dataSource' via factory method to bean named 'jdbcConnectionDetails'
2025-08-14T11:46:21.593+01:00 DEBUG 15156 --- [InventoryManagementSystem] [           main] o.s.b.f.s.DefaultListableBeanFactory     : Autowiring by type from bean name 'dataSource' via factory method to bean named 'environment'
2025-08-14T11:46:21.601+01:00 DEBUG 15156 --- [InventoryManagementSystem] [           main] o.s.b.f.s.DefaultListableBeanFactory     : Creating shared instance of singleton bean 'spring.sql.init-org.springframework.boot.autoconfigure.sql.init.SqlInitializationProperties'
2025-08-14T11:46:21.603+01:00 DEBUG 15156 --- [InventoryManagementSystem] [           main] o.s.b.f.s.DefaultListableBeanFactory     : Autowiring by type from bean name 'dataSourceScriptDatabaseInitializer' via factory method to bean named 'dataSource'
2025-08-14T11:46:21.603+01:00 DEBUG 15156 --- [InventoryManagementSystem] [           main] o.s.b.f.s.DefaultListableBeanFactory     : Autowiring by type from bean name 'dataSourceScriptDatabaseInitializer' via factory method to bean named 'spring.sql.init-org.springframework.boot.autoconfigure.sql.init.SqlInitializationProperties'
2025-08-14T11:46:21.605+01:00 DEBUG 15156 --- [InventoryManagementSystem] [           main] o.s.b.f.s.DefaultListableBeanFactory     : Creating shared instance of singleton bean 'entityManagerFactory'
2025-08-14T11:46:21.605+01:00 DEBUG 15156 --- [InventoryManagementSystem] [           main] o.s.b.f.s.DefaultListableBeanFactory     : Creating shared instance of singleton bean 'org.springframework.boot.autoconfigure.orm.jpa.HibernateJpaConfiguration'
2025-08-14T11:46:21.607+01:00 DEBUG 15156 --- [InventoryManagementSystem] [           main] o.s.b.f.s.DefaultListableBeanFactory     : Creating shared instance of singleton bean 'spring.jpa-org.springframework.boot.autoconfigure.orm.jpa.JpaProperties'
2025-08-14T11:46:21.611+01:00 DEBUG 15156 --- [InventoryManagementSystem] [           main] o.s.b.f.s.DefaultListableBeanFactory     : Creating shared instance of singleton bean 'spring.jpa.hibernate-org.springframework.boot.autoconfigure.orm.jpa.HibernateProperties'
2025-08-14T11:46:21.612+01:00 DEBUG 15156 --- [InventoryManagementSystem] [           main] o.s.b.f.s.DefaultListableBeanFactory     : Autowiring by type from bean name 'org.springframework.boot.autoconfigure.orm.jpa.HibernateJpaConfiguration' via constructor to bean named 'dataSource'
2025-08-14T11:46:21.612+01:00 DEBUG 15156 --- [InventoryManagementSystem] [           main] o.s.b.f.s.DefaultListableBeanFactory     : Autowiring by type from bean name 'org.springframework.boot.autoconfigure.orm.jpa.HibernateJpaConfiguration' via constructor to bean named 'spring.jpa-org.springframework.boot.autoconfigure.orm.jpa.JpaProperties'
2025-08-14T11:46:21.612+01:00 DEBUG 15156 --- [InventoryManagementSystem] [           main] o.s.b.f.s.DefaultListableBeanFactory     : Autowiring by type from bean name 'org.springframework.boot.autoconfigure.orm.jpa.HibernateJpaConfiguration' via constructor to bean named 'org.springframework.beans.factory.support.DefaultListableBeanFactory@58d33d5d'
2025-08-14T11:46:21.613+01:00 DEBUG 15156 --- [InventoryManagementSystem] [           main] o.s.b.f.s.DefaultListableBeanFactory     : Autowiring by type from bean name 'org.springframework.boot.autoconfigure.orm.jpa.HibernateJpaConfiguration' via constructor to bean named 'spring.jpa.hibernate-org.springframework.boot.autoconfigure.orm.jpa.HibernateProperties'
2025-08-14T11:46:21.613+01:00 DEBUG 15156 --- [InventoryManagementSystem] [           main] o.s.b.f.s.DefaultListableBeanFactory     : Creating shared instance of singleton bean 'hikariPoolDataSourceMetadataProvider'
2025-08-14T11:46:21.613+01:00 DEBUG 15156 --- [InventoryManagementSystem] [           main] o.s.b.f.s.DefaultListableBeanFactory     : Creating shared instance of singleton bean 'org.springframework.boot.autoconfigure.jdbc.metadata.DataSourcePoolMetadataProvidersConfiguration$HikariPoolDataSourceMetadataProviderConfiguration'
2025-08-14T11:46:21.617+01:00 DEBUG 15156 --- [InventoryManagementSystem] [           main] o.s.b.f.s.DefaultListableBeanFactory     : Creating shared instance of singleton bean 'entityManagerFactoryBuilder'
2025-08-14T11:46:21.617+01:00 DEBUG 15156 --- [InventoryManagementSystem] [           main] o.s.b.f.s.DefaultListableBeanFactory     : Creating shared instance of singleton bean 'jpaVendorAdapter'
2025-08-14T11:46:21.619+01:00 DEBUG 15156 --- [InventoryManagementSystem] [           main] o.s.b.f.s.DefaultListableBeanFactory     : Autowiring by type from bean name 'entityManagerFactoryBuilder' via factory method to bean named 'jpaVendorAdapter'
2025-08-14T11:46:21.621+01:00 DEBUG 15156 --- [InventoryManagementSystem] [           main] o.s.b.f.s.DefaultListableBeanFactory     : Creating shared instance of singleton bean 'persistenceManagedTypes'
2025-08-14T11:46:21.623+01:00 DEBUG 15156 --- [InventoryManagementSystem] [           main] o.s.b.f.s.DefaultListableBeanFactory     : Autowiring by type from bean name 'persistenceManagedTypes' via factory method to bean named 'org.springframework.beans.factory.support.DefaultListableBeanFactory@58d33d5d'
2025-08-14T11:46:21.623+01:00 DEBUG 15156 --- [InventoryManagementSystem] [           main] o.s.b.f.s.DefaultListableBeanFactory     : Autowiring by type from bean name 'persistenceManagedTypes' via factory method to bean named 'org.springframework.web.context.support.GenericWebApplicationContext@104ea372'
2025-08-14T11:46:21.633+01:00 DEBUG 15156 --- [InventoryManagementSystem] [           main] o.s.b.f.s.DefaultListableBeanFactory     : Autowiring by type from bean name 'entityManagerFactory' via factory method to bean named 'entityManagerFactoryBuilder'
2025-08-14T11:46:21.633+01:00 DEBUG 15156 --- [InventoryManagementSystem] [           main] o.s.b.f.s.DefaultListableBeanFactory     : Autowiring by type from bean name 'entityManagerFactory' via factory method to bean named 'persistenceManagedTypes'
2025-08-14T11:46:21.635+01:00 DEBUG 15156 --- [InventoryManagementSystem] [           main] j.LocalContainerEntityManagerFactoryBean : Building JPA container EntityManagerFactory for persistence unit 'default'
2025-08-14T11:46:21.635+01:00  INFO 15156 --- [InventoryManagementSystem] [           main] o.hibernate.jpa.internal.util.LogHelper  : HHH000204: Processing PersistenceUnitInfo [name: default]
2025-08-14T11:46:21.642+01:00  INFO 15156 --- [InventoryManagementSystem] [           main] o.h.c.internal.RegionFactoryInitiator    : HHH000026: Second-level cache disabled
2025-08-14T11:46:21.692+01:00  INFO 15156 --- [InventoryManagementSystem] [           main] o.s.o.j.p.SpringPersistenceUnitInfo      : No LoadTimeWeaver setup: ignoring JPA class transformer
2025-08-14T11:46:21.694+01:00  INFO 15156 --- [InventoryManagementSystem] [           main] com.zaxxer.hikari.HikariDataSource       : HikariPool-2 - Starting...
2025-08-14T11:46:21.696+01:00  INFO 15156 --- [InventoryManagementSystem] [           main] com.zaxxer.hikari.pool.HikariPool        : HikariPool-2 - Added connection conn10: url=jdbc:h2:mem:testdb user=SA
2025-08-14T11:46:21.696+01:00  INFO 15156 --- [InventoryManagementSystem] [           main] com.zaxxer.hikari.HikariDataSource       : HikariPool-2 - Start completed.
2025-08-14T11:46:21.696+01:00  WARN 15156 --- [InventoryManagementSystem] [           main] org.hibernate.orm.deprecation            : HHH90000025: H2Dialect does not need to be specified explicitly using 'hibernate.dialect' (remove the property setting and it will be selected by default)
2025-08-14T11:46:21.699+01:00  INFO 15156 --- [InventoryManagementSystem] [           main] org.hibernate.orm.connections.pooling    : HHH10001005: Database info:
	Database JDBC URL [Connecting through datasource 'HikariDataSource (HikariPool-2)']
	Database driver: undefined/unknown
	Database version: 2.3.232
	Autocommit mode: undefined/unknown
	Isolation level: undefined/unknown
	Minimum pool size: undefined/unknown
	Maximum pool size: undefined/unknown
2025-08-14T11:46:21.798+01:00  INFO 15156 --- [InventoryManagementSystem] [           main] o.h.e.t.j.p.i.JtaPlatformInitiator       : HHH000489: No JTA platform available (set 'hibernate.transaction.jta.platform' to enable JTA platform integration)
2025-08-14T11:46:21.799+01:00 DEBUG 15156 --- [InventoryManagementSystem] [           main] org.hibernate.SQL                        : 
    drop table if exists products cascade 
Hibernate: 
    drop table if exists products cascade 
2025-08-14T11:46:21.803+01:00 DEBUG 15156 --- [InventoryManagementSystem] [           main] org.hibernate.SQL                        : 
    drop table if exists roles cascade 
Hibernate: 
    drop table if exists roles cascade 
2025-08-14T11:46:21.805+01:00 DEBUG 15156 --- [InventoryManagementSystem] [           main] org.hibernate.SQL                        : 
    drop table if exists sales cascade 
Hibernate: 
    drop table if exists sales cascade 
2025-08-14T11:46:21.809+01:00 DEBUG 15156 --- [InventoryManagementSystem] [           main] org.hibernate.SQL                        : 
    drop table if exists user_roles cascade 
Hibernate: 
    drop table if exists user_roles cascade 
2025-08-14T11:46:21.812+01:00 DEBUG 15156 --- [InventoryManagementSystem] [           main] org.hibernate.SQL                        : 
    drop table if exists users cascade 
Hibernate: 
    drop table if exists users cascade 
2025-08-14T11:46:21.815+01:00 DEBUG 15156 --- [InventoryManagementSystem] [           main] org.hibernate.SQL                        : 
    create table products (
        price float(53) not null,
        quantity integer not null,
        created_at timestamp(6),
        id bigint generated by default as identity,
        updated_at timestamp(6),
        name varchar(255),
        sku varchar(255) unique,
        primary key (id)
    )
Hibernate: 
    create table products (
        price float(53) not null,
        quantity integer not null,
        created_at timestamp(6),
        id bigint generated by default as identity,
        updated_at timestamp(6),
        name varchar(255),
        sku varchar(255) unique,
        primary key (id)
    )
2025-08-14T11:46:21.819+01:00 DEBUG 15156 --- [InventoryManagementSystem] [           main] org.hibernate.SQL                        : 
    create table roles (
        id bigint generated by default as identity,
        name varchar(255) not null unique,
        primary key (id)
    )
Hibernate: 
    create table roles (
        id bigint generated by default as identity,
        name varchar(255) not null unique,
        primary key (id)
    )
2025-08-14T11:46:21.823+01:00 DEBUG 15156 --- [InventoryManagementSystem] [           main] org.hibernate.SQL                        : 
    create table sales (
        quantity_sold integer not null,
        total_amount float(53) not null,
        id bigint generated by default as identity,
        product_id bigint,
        time_of_sale timestamp(6),
        primary key (id)
    )
Hibernate: 
    create table sales (
        quantity_sold integer not null,
        total_amount float(53) not null,
        id bigint generated by default as identity,
        product_id bigint,
        time_of_sale timestamp(6),
        primary key (id)
    )
2025-08-14T11:46:21.827+01:00 DEBUG 15156 --- [InventoryManagementSystem] [           main] org.hibernate.SQL                        : 
    create table user_roles (
        role_id bigint not null,
        user_id bigint not null,
        primary key (role_id, user_id)
    )
Hibernate: 
    create table user_roles (
        role_id bigint not null,
        user_id bigint not null,
        primary key (role_id, user_id)
    )
2025-08-14T11:46:21.829+01:00 DEBUG 15156 --- [InventoryManagementSystem] [           main] org.hibernate.SQL                        : 
    create table users (
        id bigint generated by default as identity,
        password varchar(255) not null,
        username varchar(255) not null unique,
        primary key (id)
    )
Hibernate: 
    create table users (
        id bigint generated by default as identity,
        password varchar(255) not null,
        username varchar(255) not null unique,
        primary key (id)
    )
2025-08-14T11:46:21.832+01:00 DEBUG 15156 --- [InventoryManagementSystem] [           main] org.hibernate.SQL                        : 
    alter table if exists sales 
       add constraint FKkxc13g7l4ioljxqyoo15nh051 
       foreign key (product_id) 
       references products
Hibernate: 
    alter table if exists sales 
       add constraint FKkxc13g7l4ioljxqyoo15nh051 
       foreign key (product_id) 
       references products
2025-08-14T11:46:21.834+01:00 DEBUG 15156 --- [InventoryManagementSystem] [           main] org.hibernate.SQL                        : 
    alter table if exists user_roles 
       add constraint FKh8ciramu9cc9q3qcqiv4ue8a6 
       foreign key (role_id) 
       references roles
Hibernate: 
    alter table if exists user_roles 
       add constraint FKh8ciramu9cc9q3qcqiv4ue8a6 
       foreign key (role_id) 
       references roles
2025-08-14T11:46:21.836+01:00 DEBUG 15156 --- [InventoryManagementSystem] [           main] org.hibernate.SQL                        : 
    alter table if exists user_roles 
       add constraint FKhfh9dx7w3ubf1co1vdev94g3f 
       foreign key (user_id) 
       references users
Hibernate: 
    alter table if exists user_roles 
       add constraint FKhfh9dx7w3ubf1co1vdev94g3f 
       foreign key (user_id) 
       references users
2025-08-14T11:46:21.842+01:00  INFO 15156 --- [InventoryManagementSystem] [           main] j.LocalContainerEntityManagerFactoryBean : Initialized JPA EntityManagerFactory for persistence unit 'default'
2025-08-14T11:46:21.843+01:00 DEBUG 15156 --- [InventoryManagementSystem] [           main] o.s.b.f.s.DefaultListableBeanFactory     : Creating shared instance of singleton bean 'inventoryManagementSystemApplication'
2025-08-14T11:46:21.843+01:00 DEBUG 15156 --- [InventoryManagementSystem] [           main] o.s.b.f.s.DefaultListableBeanFactory     : Creating shared instance of singleton bean 'productController'
2025-08-14T11:46:21.844+01:00 DEBUG 15156 --- [InventoryManagementSystem] [           main] o.s.b.f.s.DefaultListableBeanFactory     : Creating shared instance of singleton bean 'productService'
2025-08-14T11:46:21.844+01:00 DEBUG 15156 --- [InventoryManagementSystem] [           main] o.s.b.f.s.DefaultListableBeanFactory     : Creating shared instance of singleton bean 'productRepository'
2025-08-14T11:46:21.850+01:00 DEBUG 15156 --- [InventoryManagementSystem] [           main] o.s.b.f.s.DefaultListableBeanFactory     : Creating shared instance of singleton bean 'jpa.named-queries#0'
2025-08-14T11:46:21.855+01:00 DEBUG 15156 --- [InventoryManagementSystem] [           main] o.s.b.f.s.DefaultListableBeanFactory     : Creating shared instance of singleton bean 'jpa.ProductRepository.fragments#0'
2025-08-14T11:46:21.857+01:00 DEBUG 15156 --- [InventoryManagementSystem] [           main] o.s.b.f.s.DefaultListableBeanFactory     : Creating shared instance of singleton bean 'jpaSharedEM_entityManagerFactory'
2025-08-14T11:46:21.866+01:00 DEBUG 15156 --- [InventoryManagementSystem] [           main] o.s.b.f.s.DefaultListableBeanFactory     : Creating shared instance of singleton bean 'jpaMappingContext'
2025-08-14T11:46:21.867+01:00 DEBUG 15156 --- [InventoryManagementSystem] [           main] .c.JpaMetamodelMappingContextFactoryBean : Initializing JpaMetamodelMappingContext�
2025-08-14T11:46:21.867+01:00 DEBUG 15156 --- [InventoryManagementSystem] [           main] .c.JpaMetamodelMappingContextFactoryBean : Finished initializing JpaMetamodelMappingContext
2025-08-14T11:46:21.879+01:00 DEBUG 15156 --- [InventoryManagementSystem] [           main] o.s.d.r.c.s.RepositoryFactorySupport     : Initializing repository instance for com.senolight.InventoryManagementSystem.repository.ProductRepository�
2025-08-14T11:46:21.882+01:00 DEBUG 15156 --- [InventoryManagementSystem] [           main] o.s.d.jpa.repository.query.NamedQuery    : Looking up named query 'Product.findBySku'
2025-08-14T11:46:21.883+01:00 DEBUG 15156 --- [InventoryManagementSystem] [           main] o.s.d.jpa.repository.query.NamedQuery    : Did not find named query Product.findBySku
2025-08-14T11:46:21.885+01:00 DEBUG 15156 --- [InventoryManagementSystem] [           main] o.s.d.r.c.s.RepositoryFactorySupport     : Finished creation of repository instance for com.senolight.InventoryManagementSystem.repository.ProductRepository.
2025-08-14T11:46:21.885+01:00 DEBUG 15156 --- [InventoryManagementSystem] [           main] o.s.b.f.s.DefaultListableBeanFactory     : Autowiring by type from bean name 'productService' via constructor to bean named 'productRepository'
2025-08-14T11:46:21.886+01:00 DEBUG 15156 --- [InventoryManagementSystem] [           main] o.s.b.f.s.DefaultListableBeanFactory     : Autowiring by type from bean name 'productController' via constructor to bean named 'productService'
2025-08-14T11:46:21.888+01:00 DEBUG 15156 --- [InventoryManagementSystem] [           main] o.s.b.f.s.DefaultListableBeanFactory     : Creating shared instance of singleton bean 'salesController'
2025-08-14T11:46:21.888+01:00 DEBUG 15156 --- [InventoryManagementSystem] [           main] o.s.b.f.s.DefaultListableBeanFactory     : Creating shared instance of singleton bean 'salesService'
2025-08-14T11:46:21.888+01:00 DEBUG 15156 --- [InventoryManagementSystem] [           main] o.s.b.f.s.DefaultListableBeanFactory     : Creating shared instance of singleton bean 'salesRepository'
2025-08-14T11:46:21.890+01:00 DEBUG 15156 --- [InventoryManagementSystem] [           main] o.s.b.f.s.DefaultListableBeanFactory     : Creating shared instance of singleton bean 'jpa.named-queries#1'
2025-08-14T11:46:21.892+01:00 DEBUG 15156 --- [InventoryManagementSystem] [           main] o.s.b.f.s.DefaultListableBeanFactory     : Creating shared instance of singleton bean 'jpa.SalesRepository.fragments#0'
2025-08-14T11:46:21.898+01:00 DEBUG 15156 --- [InventoryManagementSystem] [           main] o.s.d.r.c.s.RepositoryFactorySupport     : Initializing repository instance for com.senolight.InventoryManagementSystem.repository.SalesRepository�
2025-08-14T11:46:21.902+01:00 DEBUG 15156 --- [InventoryManagementSystem] [           main] o.s.d.jpa.repository.query.NamedQuery    : Did not find named query Sales.calculateTotalAmountBetween.count
2025-08-14T11:46:21.910+01:00 DEBUG 15156 --- [InventoryManagementSystem] [           main] o.s.d.jpa.repository.query.NamedQuery    : Did not find named query Sales.sumQuantitySoldBetween.count
2025-08-14T11:46:21.914+01:00 DEBUG 15156 --- [InventoryManagementSystem] [           main] o.s.d.jpa.repository.query.NamedQuery    : Looking up named query 'Sales.findByTimeOfSaleBetween'
2025-08-14T11:46:21.915+01:00 DEBUG 15156 --- [InventoryManagementSystem] [           main] o.s.d.jpa.repository.query.NamedQuery    : Did not find named query Sales.findByTimeOfSaleBetween
2025-08-14T11:46:21.916+01:00 DEBUG 15156 --- [InventoryManagementSystem] [           main] o.s.d.jpa.repository.query.NamedQuery    : Looking up named query 'Sales.findByProductId'
2025-08-14T11:46:21.917+01:00 DEBUG 15156 --- [InventoryManagementSystem] [           main] o.s.d.jpa.repository.query.NamedQuery    : Did not find named query Sales.findByProductId
2025-08-14T11:46:21.918+01:00 DEBUG 15156 --- [InventoryManagementSystem] [           main] o.s.d.r.c.s.RepositoryFactorySupport     : Finished creation of repository instance for com.senolight.InventoryManagementSystem.repository.SalesRepository.
2025-08-14T11:46:21.920+01:00 DEBUG 15156 --- [InventoryManagementSystem] [           main] o.s.b.f.s.DefaultListableBeanFactory     : Autowiring by type from bean name 'salesService' via constructor to bean named 'salesRepository'
2025-08-14T11:46:21.920+01:00 DEBUG 15156 --- [InventoryManagementSystem] [           main] o.s.b.f.s.DefaultListableBeanFactory     : Autowiring by type from bean name 'salesService' via constructor to bean named 'productRepository'
2025-08-14T11:46:21.921+01:00 DEBUG 15156 --- [InventoryManagementSystem] [           main] o.s.b.f.s.DefaultListableBeanFactory     : Autowiring by type from bean name 'salesController' via constructor to bean named 'salesService'
2025-08-14T11:46:21.921+01:00 DEBUG 15156 --- [InventoryManagementSystem] [           main] o.s.b.f.s.DefaultListableBeanFactory     : Creating shared instance of singleton bean 'statsController'
2025-08-14T11:46:21.922+01:00 DEBUG 15156 --- [InventoryManagementSystem] [           main] o.s.b.f.s.DefaultListableBeanFactory     : Creating shared instance of singleton bean 'statsService'
2025-08-14T11:46:21.923+01:00 DEBUG 15156 --- [InventoryManagementSystem] [           main] o.s.b.f.s.DefaultListableBeanFactory     : Autowiring by type from bean name 'statsService' via constructor to bean named 'salesRepository'
2025-08-14T11:46:21.924+01:00 DEBUG 15156 --- [InventoryManagementSystem] [           main] o.s.b.f.s.DefaultListableBeanFactory     : Autowiring by type from bean name 'statsController' via constructor to bean named 'statsService'
2025-08-14T11:46:21.925+01:00 DEBUG 15156 --- [InventoryManagementSystem] [           main] o.s.b.f.s.DefaultListableBeanFactory     : Creating shared instance of singleton bean 'customUserDetailsService'
2025-08-14T11:46:21.925+01:00 DEBUG 15156 --- [InventoryManagementSystem] [           main] o.s.b.f.s.DefaultListableBeanFactory     : Creating shared instance of singleton bean 'userRepository'
2025-08-14T11:46:21.926+01:00 DEBUG 15156 --- [InventoryManagementSystem] [           main] o.s.b.f.s.DefaultListableBeanFactory     : Creating shared instance of singleton bean 'jpa.named-queries#3'
2025-08-14T11:46:21.929+01:00 DEBUG 15156 --- [InventoryManagementSystem] [           main] o.s.b.f.s.DefaultListableBeanFactory     : Creating shared instance of singleton bean 'jpa.UserRepository.fragments#0'
2025-08-14T11:46:21.937+01:00 DEBUG 15156 --- [InventoryManagementSystem] [           main] o.s.d.r.c.s.RepositoryFactorySupport     : Initializing repository instance for com.senolight.InventoryManagementSystem.repository.UserRepository�
2025-08-14T11:46:21.942+01:00 DEBUG 15156 --- [InventoryManagementSystem] [           main] o.s.d.jpa.repository.query.NamedQuery    : Looking up named query 'User.findByUsername'
2025-08-14T11:46:21.942+01:00 DEBUG 15156 --- [InventoryManagementSystem] [           main] o.s.d.jpa.repository.query.NamedQuery    : Did not find named query User.findByUsername
2025-08-14T11:46:21.944+01:00 DEBUG 15156 --- [InventoryManagementSystem] [           main] o.s.d.r.c.s.RepositoryFactorySupport     : Finished creation of repository instance for com.senolight.InventoryManagementSystem.repository.UserRepository.
2025-08-14T11:46:21.945+01:00 DEBUG 15156 --- [InventoryManagementSystem] [           main] o.s.b.f.s.DefaultListableBeanFactory     : Autowiring by type from bean name 'customUserDetailsService' via constructor to bean named 'userRepository'
2025-08-14T11:46:21.945+01:00 DEBUG 15156 --- [InventoryManagementSystem] [           main] o.s.b.f.s.DefaultListableBeanFactory     : Creating shared instance of singleton bean 'securityConfig'
2025-08-14T11:46:21.946+01:00 DEBUG 15156 --- [InventoryManagementSystem] [           main] o.s.b.f.s.DefaultListableBeanFactory     : Autowiring by type from bean name 'securityConfig' via constructor to bean named 'customUserDetailsService'
2025-08-14T11:46:21.947+01:00 DEBUG 15156 --- [InventoryManagementSystem] [           main] o.s.b.f.s.DefaultListableBeanFactory     : Creating shared instance of singleton bean 'invoiceService'
2025-08-14T11:46:21.947+01:00 DEBUG 15156 --- [InventoryManagementSystem] [           main] o.s.b.f.s.DefaultListableBeanFactory     : Creating shared instance of singleton bean 'org.springframework.security.config.annotation.configuration.ObjectPostProcessorConfiguration'
2025-08-14T11:46:21.947+01:00 DEBUG 15156 --- [InventoryManagementSystem] [           main] o.s.b.f.s.DefaultListableBeanFactory     : Creating shared instance of singleton bean 'objectPostProcessor'
2025-08-14T11:46:21.949+01:00 DEBUG 15156 --- [InventoryManagementSystem] [           main] o.s.b.f.s.DefaultListableBeanFactory     : Autowiring by type from bean name 'objectPostProcessor' via factory method to bean named 'org.springframework.beans.factory.support.DefaultListableBeanFactory@58d33d5d'
2025-08-14T11:46:21.949+01:00 DEBUG 15156 --- [InventoryManagementSystem] [           main] o.s.b.f.s.DefaultListableBeanFactory     : Creating shared instance of singleton bean 'org.springframework.security.config.annotation.authentication.configuration.AuthenticationConfiguration'
2025-08-14T11:46:21.952+01:00 DEBUG 15156 --- [InventoryManagementSystem] [           main] o.s.b.f.s.DefaultListableBeanFactory     : Creating shared instance of singleton bean 'enableGlobalAuthenticationAutowiredConfigurer'
2025-08-14T11:46:21.953+01:00 DEBUG 15156 --- [InventoryManagementSystem] [           main] o.s.b.f.s.DefaultListableBeanFactory     : Autowiring by type from bean name 'enableGlobalAuthenticationAutowiredConfigurer' via factory method to bean named 'org.springframework.web.context.support.GenericWebApplicationContext@104ea372'
2025-08-14T11:46:21.954+01:00 DEBUG 15156 --- [InventoryManagementSystem] [           main] o.s.b.f.s.DefaultListableBeanFactory     : Creating shared instance of singleton bean 'initializeUserDetailsBeanManagerConfigurer'
2025-08-14T11:46:21.954+01:00 DEBUG 15156 --- [InventoryManagementSystem] [           main] o.s.b.f.s.DefaultListableBeanFactory     : Autowiring by type from bean name 'initializeUserDetailsBeanManagerConfigurer' via factory method to bean named 'org.springframework.web.context.support.GenericWebApplicationContext@104ea372'
2025-08-14T11:46:21.955+01:00 DEBUG 15156 --- [InventoryManagementSystem] [           main] o.s.b.f.s.DefaultListableBeanFactory     : Creating shared instance of singleton bean 'initializeAuthenticationProviderBeanManagerConfigurer'
2025-08-14T11:46:21.955+01:00 DEBUG 15156 --- [InventoryManagementSystem] [           main] o.s.b.f.s.DefaultListableBeanFactory     : Autowiring by type from bean name 'initializeAuthenticationProviderBeanManagerConfigurer' via factory method to bean named 'org.springframework.web.context.support.GenericWebApplicationContext@104ea372'
2025-08-14T11:46:21.958+01:00 DEBUG 15156 --- [InventoryManagementSystem] [           main] o.s.b.f.s.DefaultListableBeanFactory     : Creating shared instance of singleton bean 'authenticationManagerBuilder'
2025-08-14T11:46:21.958+01:00 DEBUG 15156 --- [InventoryManagementSystem] [           main] o.s.b.f.s.DefaultListableBeanFactory     : Autowiring by type from bean name 'authenticationManagerBuilder' via factory method to bean named 'objectPostProcessor'
2025-08-14T11:46:21.958+01:00 DEBUG 15156 --- [InventoryManagementSystem] [           main] o.s.b.f.s.DefaultListableBeanFactory     : Autowiring by type from bean name 'authenticationManagerBuilder' via factory method to bean named 'org.springframework.web.context.support.GenericWebApplicationContext@104ea372'
2025-08-14T11:46:21.959+01:00 DEBUG 15156 --- [InventoryManagementSystem] [           main] o.s.b.f.s.DefaultListableBeanFactory     : Creating shared instance of singleton bean 'authenticationEventPublisher'
2025-08-14T11:46:21.959+01:00 DEBUG 15156 --- [InventoryManagementSystem] [           main] o.s.b.f.s.DefaultListableBeanFactory     : Creating shared instance of singleton bean 'org.springframework.boot.autoconfigure.security.servlet.SecurityAutoConfiguration'
2025-08-14T11:46:21.960+01:00 DEBUG 15156 --- [InventoryManagementSystem] [           main] o.s.b.f.s.DefaultListableBeanFactory     : Autowiring by type from bean name 'authenticationEventPublisher' via factory method to bean named 'org.springframework.web.context.support.GenericWebApplicationContext@104ea372'
2025-08-14T11:46:21.961+01:00 DEBUG 15156 --- [InventoryManagementSystem] [           main] o.s.b.f.s.DefaultListableBeanFactory     : Creating shared instance of singleton bean 'org.springframework.security.config.annotation.web.configuration.WebSecurityConfiguration'
2025-08-14T11:46:21.967+01:00 DEBUG 15156 --- [InventoryManagementSystem] [           main] o.s.b.f.s.DefaultListableBeanFactory     : Creating shared instance of singleton bean 'filterChainDecoratorPostProcessor'
2025-08-14T11:46:21.969+01:00 DEBUG 15156 --- [InventoryManagementSystem] [           main] o.s.b.f.s.DefaultListableBeanFactory     : Creating shared instance of singleton bean 'mvcHandlerMappingIntrospectorRequestTransformer'
2025-08-14T11:46:21.969+01:00 DEBUG 15156 --- [InventoryManagementSystem] [           main] o.s.b.f.s.DefaultListableBeanFactory     : Creating shared instance of singleton bean 'mvcHandlerMappingIntrospector'
2025-08-14T11:46:21.969+01:00 DEBUG 15156 --- [InventoryManagementSystem] [           main] o.s.b.f.s.DefaultListableBeanFactory     : Creating shared instance of singleton bean 'org.springframework.boot.autoconfigure.web.servlet.WebMvcAutoConfiguration$EnableWebMvcConfiguration'
2025-08-14T11:46:21.970+01:00 DEBUG 15156 --- [InventoryManagementSystem] [           main] o.s.b.f.s.DefaultListableBeanFactory     : Creating shared instance of singleton bean 'spring.mvc-org.springframework.boot.autoconfigure.web.servlet.WebMvcProperties'
2025-08-14T11:46:21.973+01:00 DEBUG 15156 --- [InventoryManagementSystem] [           main] o.s.b.f.s.DefaultListableBeanFactory     : Creating shared instance of singleton bean 'spring.web-org.springframework.boot.autoconfigure.web.WebProperties'
2025-08-14T11:46:21.975+01:00 DEBUG 15156 --- [InventoryManagementSystem] [           main] o.s.b.f.s.DefaultListableBeanFactory     : Autowiring by type from bean name 'org.springframework.boot.autoconfigure.web.servlet.WebMvcAutoConfiguration$EnableWebMvcConfiguration' via constructor to bean named 'spring.mvc-org.springframework.boot.autoconfigure.web.servlet.WebMvcProperties'
2025-08-14T11:46:21.975+01:00 DEBUG 15156 --- [InventoryManagementSystem] [           main] o.s.b.f.s.DefaultListableBeanFactory     : Autowiring by type from bean name 'org.springframework.boot.autoconfigure.web.servlet.WebMvcAutoConfiguration$EnableWebMvcConfiguration' via constructor to bean named 'spring.web-org.springframework.boot.autoconfigure.web.WebProperties'
2025-08-14T11:46:21.975+01:00 DEBUG 15156 --- [InventoryManagementSystem] [           main] o.s.b.f.s.DefaultListableBeanFactory     : Autowiring by type from bean name 'org.springframework.boot.autoconfigure.web.servlet.WebMvcAutoConfiguration$EnableWebMvcConfiguration' via constructor to bean named 'org.springframework.beans.factory.support.DefaultListableBeanFactory@58d33d5d'
2025-08-14T11:46:21.979+01:00 DEBUG 15156 --- [InventoryManagementSystem] [           main] o.s.b.f.s.DefaultListableBeanFactory     : Creating shared instance of singleton bean 'org.springframework.security.config.annotation.web.configuration.WebMvcSecurityConfiguration'
2025-08-14T11:46:21.981+01:00 DEBUG 15156 --- [InventoryManagementSystem] [           main] o.s.b.f.s.DefaultListableBeanFactory     : Creating shared instance of singleton bean 'org.springframework.boot.autoconfigure.web.servlet.WebMvcAutoConfiguration$WebMvcAutoConfigurationAdapter'
2025-08-14T11:46:21.981+01:00 DEBUG 15156 --- [InventoryManagementSystem] [           main] o.s.b.f.s.DefaultListableBeanFactory     : Autowiring by type from bean name 'org.springframework.boot.autoconfigure.web.servlet.WebMvcAutoConfiguration$WebMvcAutoConfigurationAdapter' via constructor to bean named 'spring.web-org.springframework.boot.autoconfigure.web.WebProperties'
2025-08-14T11:46:21.981+01:00 DEBUG 15156 --- [InventoryManagementSystem] [           main] o.s.b.f.s.DefaultListableBeanFactory     : Autowiring by type from bean name 'org.springframework.boot.autoconfigure.web.servlet.WebMvcAutoConfiguration$WebMvcAutoConfigurationAdapter' via constructor to bean named 'spring.mvc-org.springframework.boot.autoconfigure.web.servlet.WebMvcProperties'
2025-08-14T11:46:21.981+01:00 DEBUG 15156 --- [InventoryManagementSystem] [           main] o.s.b.f.s.DefaultListableBeanFactory     : Autowiring by type from bean name 'org.springframework.boot.autoconfigure.web.servlet.WebMvcAutoConfiguration$WebMvcAutoConfigurationAdapter' via constructor to bean named 'org.springframework.beans.factory.support.DefaultListableBeanFactory@58d33d5d'
2025-08-14T11:46:21.982+01:00 DEBUG 15156 --- [InventoryManagementSystem] [           main] o.s.b.f.s.DefaultListableBeanFactory     : Creating shared instance of singleton bean 'openEntityManagerInViewInterceptorConfigurer'
2025-08-14T11:46:21.983+01:00 DEBUG 15156 --- [InventoryManagementSystem] [           main] o.s.b.f.s.DefaultListableBeanFactory     : Creating shared instance of singleton bean 'org.springframework.boot.autoconfigure.orm.jpa.JpaBaseConfiguration$JpaWebConfiguration'
2025-08-14T11:46:21.983+01:00 DEBUG 15156 --- [InventoryManagementSystem] [           main] o.s.b.f.s.DefaultListableBeanFactory     : Autowiring by type from bean name 'org.springframework.boot.autoconfigure.orm.jpa.JpaBaseConfiguration$JpaWebConfiguration' via constructor to bean named 'spring.jpa-org.springframework.boot.autoconfigure.orm.jpa.JpaProperties'
2025-08-14T11:46:21.984+01:00 DEBUG 15156 --- [InventoryManagementSystem] [           main] o.s.b.f.s.DefaultListableBeanFactory     : Creating shared instance of singleton bean 'openEntityManagerInViewInterceptor'
2025-08-14T11:46:21.984+01:00  WARN 15156 --- [InventoryManagementSystem] [           main] JpaBaseConfiguration$JpaWebConfiguration : spring.jpa.open-in-view is enabled by default. Therefore, database queries may be performed during view rendering. Explicitly configure spring.jpa.open-in-view to disable this warning
2025-08-14T11:46:21.985+01:00 DEBUG 15156 --- [InventoryManagementSystem] [           main] o.s.b.f.s.DefaultListableBeanFactory     : Autowiring by type from bean name 'openEntityManagerInViewInterceptorConfigurer' via factory method to bean named 'openEntityManagerInViewInterceptor'
2025-08-14T11:46:21.986+01:00 DEBUG 15156 --- [InventoryManagementSystem] [           main] o.s.b.f.s.DefaultListableBeanFactory     : Creating shared instance of singleton bean 'org.springframework.data.web.config.SpringDataWebConfiguration'
2025-08-14T11:46:21.986+01:00 DEBUG 15156 --- [InventoryManagementSystem] [           main] o.s.b.f.s.DefaultListableBeanFactory     : Autowiring by type from bean name 'org.springframework.data.web.config.SpringDataWebConfiguration' via constructor to bean named 'org.springframework.web.context.support.GenericWebApplicationContext@104ea372'
2025-08-14T11:46:21.990+01:00 DEBUG 15156 --- [InventoryManagementSystem] [           main] o.s.b.f.s.DefaultListableBeanFactory     : Creating shared instance of singleton bean 'welcomePageHandlerMapping'
2025-08-14T11:46:21.991+01:00 DEBUG 15156 --- [InventoryManagementSystem] [           main] o.s.b.f.s.DefaultListableBeanFactory     : Creating shared instance of singleton bean 'mvcConversionService'
2025-08-14T11:46:21.994+01:00 DEBUG 15156 --- [InventoryManagementSystem] [           main] o.s.b.f.s.DefaultListableBeanFactory     : Creating shared instance of singleton bean 'mvcResourceUrlProvider'
2025-08-14T11:46:21.998+01:00 DEBUG 15156 --- [InventoryManagementSystem] [           main] o.s.b.f.s.DefaultListableBeanFactory     : Autowiring by type from bean name 'welcomePageHandlerMapping' via factory method to bean named 'org.springframework.web.context.support.GenericWebApplicationContext@104ea372'
2025-08-14T11:46:21.998+01:00 DEBUG 15156 --- [InventoryManagementSystem] [           main] o.s.b.f.s.DefaultListableBeanFactory     : Autowiring by type from bean name 'welcomePageHandlerMapping' via factory method to bean named 'mvcConversionService'
2025-08-14T11:46:21.998+01:00 DEBUG 15156 --- [InventoryManagementSystem] [           main] o.s.b.f.s.DefaultListableBeanFactory     : Autowiring by type from bean name 'welcomePageHandlerMapping' via factory method to bean named 'mvcResourceUrlProvider'
2025-08-14T11:46:22.012+01:00 DEBUG 15156 --- [InventoryManagementSystem] [           main] o.s.b.f.s.DefaultListableBeanFactory     : Creating shared instance of singleton bean 'welcomePageNotAcceptableHandlerMapping'
2025-08-14T11:46:22.013+01:00 DEBUG 15156 --- [InventoryManagementSystem] [           main] o.s.b.f.s.DefaultListableBeanFactory     : Autowiring by type from bean name 'welcomePageNotAcceptableHandlerMapping' via factory method to bean named 'org.springframework.web.context.support.GenericWebApplicationContext@104ea372'
2025-08-14T11:46:22.013+01:00 DEBUG 15156 --- [InventoryManagementSystem] [           main] o.s.b.f.s.DefaultListableBeanFactory     : Autowiring by type from bean name 'welcomePageNotAcceptableHandlerMapping' via factory method to bean named 'mvcConversionService'
2025-08-14T11:46:22.013+01:00 DEBUG 15156 --- [InventoryManagementSystem] [           main] o.s.b.f.s.DefaultListableBeanFactory     : Autowiring by type from bean name 'welcomePageNotAcceptableHandlerMapping' via factory method to bean named 'mvcResourceUrlProvider'
2025-08-14T11:46:22.023+01:00 DEBUG 15156 --- [InventoryManagementSystem] [           main] o.s.b.f.s.DefaultListableBeanFactory     : Creating shared instance of singleton bean 'requestMappingHandlerMapping'
2025-08-14T11:46:22.026+01:00 DEBUG 15156 --- [InventoryManagementSystem] [           main] o.s.b.f.s.DefaultListableBeanFactory     : Creating shared instance of singleton bean 'mvcContentNegotiationManager'
2025-08-14T11:46:22.030+01:00 DEBUG 15156 --- [InventoryManagementSystem] [           main] o.s.b.f.s.DefaultListableBeanFactory     : Autowiring by type from bean name 'requestMappingHandlerMapping' via factory method to bean named 'mvcContentNegotiationManager'
2025-08-14T11:46:22.030+01:00 DEBUG 15156 --- [InventoryManagementSystem] [           main] o.s.b.f.s.DefaultListableBeanFactory     : Autowiring by type from bean name 'requestMappingHandlerMapping' via factory method to bean named 'mvcConversionService'
2025-08-14T11:46:22.030+01:00 DEBUG 15156 --- [InventoryManagementSystem] [           main] o.s.b.f.s.DefaultListableBeanFactory     : Autowiring by type from bean name 'requestMappingHandlerMapping' via factory method to bean named 'mvcResourceUrlProvider'
2025-08-14T11:46:22.083+01:00 DEBUG 15156 --- [InventoryManagementSystem] [           main] s.w.s.m.m.a.RequestMappingHandlerMapping : 14 mappings in 'requestMappingHandlerMapping'
2025-08-14T11:46:22.087+01:00 DEBUG 15156 --- [InventoryManagementSystem] [           main] o.s.b.f.s.DefaultListableBeanFactory     : Creating shared instance of singleton bean 'viewControllerHandlerMapping'
2025-08-14T11:46:22.088+01:00 DEBUG 15156 --- [InventoryManagementSystem] [           main] o.s.b.f.s.DefaultListableBeanFactory     : Autowiring by type from bean name 'viewControllerHandlerMapping' via factory method to bean named 'mvcConversionService'
2025-08-14T11:46:22.088+01:00 DEBUG 15156 --- [InventoryManagementSystem] [           main] o.s.b.f.s.DefaultListableBeanFactory     : Autowiring by type from bean name 'viewControllerHandlerMapping' via factory method to bean named 'mvcResourceUrlProvider'
2025-08-14T11:46:22.088+01:00 DEBUG 15156 --- [InventoryManagementSystem] [           main] o.s.b.f.s.DefaultListableBeanFactory     : Creating shared instance of singleton bean 'beanNameHandlerMapping'
2025-08-14T11:46:22.089+01:00 DEBUG 15156 --- [InventoryManagementSystem] [           main] o.s.b.f.s.DefaultListableBeanFactory     : Autowiring by type from bean name 'beanNameHandlerMapping' via factory method to bean named 'mvcConversionService'
2025-08-14T11:46:22.089+01:00 DEBUG 15156 --- [InventoryManagementSystem] [           main] o.s.b.f.s.DefaultListableBeanFactory     : Autowiring by type from bean name 'beanNameHandlerMapping' via factory method to bean named 'mvcResourceUrlProvider'
2025-08-14T11:46:22.094+01:00 DEBUG 15156 --- [InventoryManagementSystem] [           main] o.s.b.f.s.DefaultListableBeanFactory     : Creating shared instance of singleton bean 'routerFunctionMapping'
2025-08-14T11:46:22.095+01:00 DEBUG 15156 --- [InventoryManagementSystem] [           main] o.s.b.f.s.DefaultListableBeanFactory     : Autowiring by type from bean name 'routerFunctionMapping' via factory method to bean named 'mvcConversionService'
2025-08-14T11:46:22.096+01:00 DEBUG 15156 --- [InventoryManagementSystem] [           main] o.s.b.f.s.DefaultListableBeanFactory     : Autowiring by type from bean name 'routerFunctionMapping' via factory method to bean named 'mvcResourceUrlProvider'
2025-08-14T11:46:22.097+01:00 DEBUG 15156 --- [InventoryManagementSystem] [           main] o.s.b.f.s.DefaultListableBeanFactory     : Creating shared instance of singleton bean 'messageConverters'
2025-08-14T11:46:22.097+01:00 DEBUG 15156 --- [InventoryManagementSystem] [           main] o.s.b.f.s.DefaultListableBeanFactory     : Creating shared instance of singleton bean 'org.springframework.boot.autoconfigure.http.HttpMessageConvertersAutoConfiguration'
2025-08-14T11:46:22.099+01:00 DEBUG 15156 --- [InventoryManagementSystem] [           main] o.s.b.f.s.DefaultListableBeanFactory     : Creating shared instance of singleton bean 'stringHttpMessageConverter'
2025-08-14T11:46:22.099+01:00 DEBUG 15156 --- [InventoryManagementSystem] [           main] o.s.b.f.s.DefaultListableBeanFactory     : Creating shared instance of singleton bean 'org.springframework.boot.autoconfigure.http.HttpMessageConvertersAutoConfiguration$StringHttpMessageConverterConfiguration'
2025-08-14T11:46:22.100+01:00 DEBUG 15156 --- [InventoryManagementSystem] [           main] o.s.b.f.s.DefaultListableBeanFactory     : Autowiring by type from bean name 'stringHttpMessageConverter' via factory method to bean named 'environment'
2025-08-14T11:46:22.102+01:00 DEBUG 15156 --- [InventoryManagementSystem] [           main] o.s.b.f.s.DefaultListableBeanFactory     : Creating shared instance of singleton bean 'mappingJackson2HttpMessageConverter'
2025-08-14T11:46:22.102+01:00 DEBUG 15156 --- [InventoryManagementSystem] [           main] o.s.b.f.s.DefaultListableBeanFactory     : Creating shared instance of singleton bean 'org.springframework.boot.autoconfigure.http.JacksonHttpMessageConvertersConfiguration$MappingJackson2HttpMessageConverterConfiguration'
2025-08-14T11:46:22.103+01:00 DEBUG 15156 --- [InventoryManagementSystem] [           main] o.s.b.f.s.DefaultListableBeanFactory     : Creating shared instance of singleton bean 'jacksonObjectMapper'
2025-08-14T11:46:22.103+01:00 DEBUG 15156 --- [InventoryManagementSystem] [           main] o.s.b.f.s.DefaultListableBeanFactory     : Creating shared instance of singleton bean 'org.springframework.boot.autoconfigure.jackson.JacksonAutoConfiguration$JacksonObjectMapperConfiguration'
2025-08-14T11:46:22.104+01:00 DEBUG 15156 --- [InventoryManagementSystem] [           main] o.s.b.f.s.DefaultListableBeanFactory     : Creating shared instance of singleton bean 'org.springframework.boot.autoconfigure.jackson.JacksonAutoConfiguration$JacksonObjectMapperBuilderConfiguration'
2025-08-14T11:46:22.108+01:00 DEBUG 15156 --- [InventoryManagementSystem] [           main] o.s.b.f.s.DefaultListableBeanFactory     : Creating shared instance of singleton bean 'standardJacksonObjectMapperBuilderCustomizer'
2025-08-14T11:46:22.109+01:00 DEBUG 15156 --- [InventoryManagementSystem] [           main] o.s.b.f.s.DefaultListableBeanFactory     : Creating shared instance of singleton bean 'org.springframework.boot.autoconfigure.jackson.JacksonAutoConfiguration$Jackson2ObjectMapperBuilderCustomizerConfiguration'
2025-08-14T11:46:22.110+01:00 DEBUG 15156 --- [InventoryManagementSystem] [           main] o.s.b.f.s.DefaultListableBeanFactory     : Creating shared instance of singleton bean 'spring.jackson-org.springframework.boot.autoconfigure.jackson.JacksonProperties'
2025-08-14T11:46:22.113+01:00 DEBUG 15156 --- [InventoryManagementSystem] [           main] o.s.b.f.s.DefaultListableBeanFactory     : Autowiring by type from bean name 'standardJacksonObjectMapperBuilderCustomizer' via factory method to bean named 'spring.jackson-org.springframework.boot.autoconfigure.jackson.JacksonProperties'
2025-08-14T11:46:22.114+01:00 DEBUG 15156 --- [InventoryManagementSystem] [           main] o.s.b.f.s.DefaultListableBeanFactory     : Creating shared instance of singleton bean 'parameterNamesModule'
2025-08-14T11:46:22.114+01:00 DEBUG 15156 --- [InventoryManagementSystem] [           main] o.s.b.f.s.DefaultListableBeanFactory     : Creating shared instance of singleton bean 'org.springframework.boot.autoconfigure.jackson.JacksonAutoConfiguration$ParameterNamesModuleConfiguration'
2025-08-14T11:46:22.116+01:00 DEBUG 15156 --- [InventoryManagementSystem] [           main] o.s.b.f.s.DefaultListableBeanFactory     : Creating shared instance of singleton bean 'jsonMixinModule'
2025-08-14T11:46:22.116+01:00 DEBUG 15156 --- [InventoryManagementSystem] [           main] o.s.b.f.s.DefaultListableBeanFactory     : Creating shared instance of singleton bean 'org.springframework.boot.autoconfigure.jackson.JacksonAutoConfiguration$JacksonMixinConfiguration'
2025-08-14T11:46:22.117+01:00 DEBUG 15156 --- [InventoryManagementSystem] [           main] o.s.b.f.s.DefaultListableBeanFactory     : Creating shared instance of singleton bean 'jsonMixinModuleEntries'
2025-08-14T11:46:22.118+01:00 DEBUG 15156 --- [InventoryManagementSystem] [           main] o.s.b.f.s.DefaultListableBeanFactory     : Autowiring by type from bean name 'jsonMixinModuleEntries' via factory method to bean named 'org.springframework.web.context.support.GenericWebApplicationContext@104ea372'
2025-08-14T11:46:22.129+01:00 DEBUG 15156 --- [InventoryManagementSystem] [           main] o.s.b.f.s.DefaultListableBeanFactory     : Autowiring by type from bean name 'jsonMixinModule' via factory method to bean named 'org.springframework.web.context.support.GenericWebApplicationContext@104ea372'
2025-08-14T11:46:22.129+01:00 DEBUG 15156 --- [InventoryManagementSystem] [           main] o.s.b.f.s.DefaultListableBeanFactory     : Autowiring by type from bean name 'jsonMixinModule' via factory method to bean named 'jsonMixinModuleEntries'
2025-08-14T11:46:22.130+01:00 DEBUG 15156 --- [InventoryManagementSystem] [           main] o.s.b.f.s.DefaultListableBeanFactory     : Creating shared instance of singleton bean 'jsonComponentModule'
2025-08-14T11:46:22.130+01:00 DEBUG 15156 --- [InventoryManagementSystem] [           main] o.s.b.f.s.DefaultListableBeanFactory     : Creating shared instance of singleton bean 'org.springframework.boot.autoconfigure.jackson.JacksonAutoConfiguration'
2025-08-14T11:46:22.133+01:00 DEBUG 15156 --- [InventoryManagementSystem] [           main] o.s.b.f.s.DefaultListableBeanFactory     : Creating shared instance of singleton bean 'jacksonGeoModule'
2025-08-14T11:46:22.134+01:00 DEBUG 15156 --- [InventoryManagementSystem] [           main] o.s.b.f.s.DefaultListableBeanFactory     : Creating shared instance of singleton bean 'org.springframework.data.web.config.SpringDataJacksonConfiguration'
2025-08-14T11:46:22.134+01:00 DEBUG 15156 --- [InventoryManagementSystem] [           main] o.s.b.f.s.DefaultListableBeanFactory     : Creating shared instance of singleton bean 'springDataWebSettings'
2025-08-14T11:46:22.135+01:00 DEBUG 15156 --- [InventoryManagementSystem] [           main] o.s.b.f.s.DefaultListableBeanFactory     : Creating shared instance of singleton bean 'org.springframework.boot.autoconfigure.data.web.SpringDataWebAutoConfiguration'
2025-08-14T11:46:22.135+01:00 DEBUG 15156 --- [InventoryManagementSystem] [           main] o.s.b.f.s.DefaultListableBeanFactory     : Creating shared instance of singleton bean 'spring.data.web-org.springframework.boot.autoconfigure.data.web.SpringDataWebProperties'
2025-08-14T11:46:22.137+01:00 DEBUG 15156 --- [InventoryManagementSystem] [           main] o.s.b.f.s.DefaultListableBeanFactory     : Autowiring by type from bean name 'org.springframework.boot.autoconfigure.data.web.SpringDataWebAutoConfiguration' via constructor to bean named 'spring.data.web-org.springframework.boot.autoconfigure.data.web.SpringDataWebProperties'
2025-08-14T11:46:22.139+01:00 DEBUG 15156 --- [InventoryManagementSystem] [           main] o.s.b.f.s.DefaultListableBeanFactory     : Creating shared instance of singleton bean 'pageModule'
2025-08-14T11:46:22.141+01:00 DEBUG 15156 --- [InventoryManagementSystem] [           main] o.s.b.f.s.DefaultListableBeanFactory     : Autowiring by type from bean name 'jacksonObjectMapperBuilder' via factory method to bean named 'org.springframework.web.context.support.GenericWebApplicationContext@104ea372'
2025-08-14T11:46:22.141+01:00 DEBUG 15156 --- [InventoryManagementSystem] [           main] o.s.b.f.s.DefaultListableBeanFactory     : Autowiring by type from bean name 'jacksonObjectMapperBuilder' via factory method to bean named 'standardJacksonObjectMapperBuilderCustomizer'
2025-08-14T11:46:22.142+01:00 DEBUG 15156 --- [InventoryManagementSystem] [           main] o.s.b.f.s.DefaultListableBeanFactory     : Autowiring by type from bean name 'jacksonObjectMapper' via factory method to bean named 'jacksonObjectMapperBuilder'
2025-08-14T11:46:22.143+01:00 DEBUG 15156 --- [InventoryManagementSystem] [           main] o.s.b.f.s.DefaultListableBeanFactory     : Autowiring by type from bean name 'mappingJackson2HttpMessageConverter' via factory method to bean named 'jacksonObjectMapper'
2025-08-14T11:46:22.151+01:00 DEBUG 15156 --- [InventoryManagementSystem] [           main] o.s.b.f.s.DefaultListableBeanFactory     : Creating shared instance of singleton bean 'resourceHandlerMapping'
2025-08-14T11:46:22.152+01:00 DEBUG 15156 --- [InventoryManagementSystem] [           main] o.s.b.f.s.DefaultListableBeanFactory     : Autowiring by type from bean name 'resourceHandlerMapping' via factory method to bean named 'mvcContentNegotiationManager'
2025-08-14T11:46:22.152+01:00 DEBUG 15156 --- [InventoryManagementSystem] [           main] o.s.b.f.s.DefaultListableBeanFactory     : Autowiring by type from bean name 'resourceHandlerMapping' via factory method to bean named 'mvcConversionService'
2025-08-14T11:46:22.152+01:00 DEBUG 15156 --- [InventoryManagementSystem] [           main] o.s.b.f.s.DefaultListableBeanFactory     : Autowiring by type from bean name 'resourceHandlerMapping' via factory method to bean named 'mvcResourceUrlProvider'
2025-08-14T11:46:22.156+01:00 DEBUG 15156 --- [InventoryManagementSystem] [           main] o.s.w.s.handler.SimpleUrlHandlerMapping  : Patterns [/webjars/**, /**] in 'resourceHandlerMapping'
2025-08-14T11:46:22.158+01:00 DEBUG 15156 --- [InventoryManagementSystem] [           main] o.s.b.f.s.DefaultListableBeanFactory     : Creating shared instance of singleton bean 'defaultServletHandlerMapping'
2025-08-14T11:46:22.161+01:00 DEBUG 15156 --- [InventoryManagementSystem] [           main] o.s.b.f.s.DefaultListableBeanFactory     : Creating shared instance of singleton bean 'testFilterChain'
[...]

   RedisAutoConfiguration:
      Did not match:
         - @ConditionalOnClass did not find required class 'org.springframework.data.redis.core.RedisOperations' (OnClassCondition)

   RedisCacheConfiguration:
      Did not match:
         - @ConditionalOnClass did not find required class 'org.springframework.data.redis.connection.RedisConnectionFactory' (OnClassCondition)

   RedisReactiveAutoConfiguration:
      Did not match:
         - @ConditionalOnClass did not find required class 'reactor.core.publisher.Flux' (OnClassCondition)

   RedisRepositoriesAutoConfiguration:
      Did not match:
         - @ConditionalOnClass did not find required class 'org.springframework.data.redis.repository.configuration.EnableRedisRepositories' (OnClassCondition)

   RemoteDevToolsAutoConfiguration:
      Did not match:
         - @ConditionalOnProperty (spring.devtools.remote.secret) did not find property 'spring.devtools.remote.secret' (OnPropertyCondition)
      Matched:
         - @ConditionalOnClass found required classes 'jakarta.servlet.Filter', 'org.springframework.http.server.ServerHttpRequest' (OnClassCondition)

   RepositoryRestMvcAutoConfiguration:
      Did not match:
         - @ConditionalOnClass did not find required class 'org.springframework.data.rest.webmvc.config.RepositoryRestMvcConfiguration' (OnClassCondition)

   Saml2RelyingPartyAutoConfiguration:
      Did not match:
         - @ConditionalOnClass did not find required class 'org.springframework.security.saml2.provider.service.registration.RelyingPartyRegistrationRepository' (OnClassCondition)

   SecurityDataConfiguration:
      Did not match:
         - @ConditionalOnClass did not find required class 'org.springframework.security.data.repository.query.SecurityEvaluationContextExtension' (OnClassCondition)

   SendGridAutoConfiguration:
      Did not match:
         - @ConditionalOnClass did not find required class 'com.sendgrid.SendGrid' (OnClassCondition)

   ServletWebServerFactoryAutoConfiguration.ForwardedHeaderFilterConfiguration:
      Did not match:
         - @ConditionalOnProperty (server.forward-headers-strategy=framework) did not find property 'server.forward-headers-strategy' (OnPropertyCondition)

   ServletWebServerFactoryConfiguration.EmbeddedJetty:
      Did not match:
         - @ConditionalOnClass did not find required classes 'org.eclipse.jetty.server.Server', 'org.eclipse.jetty.util.Loader', 'org.eclipse.jetty.ee10.webapp.WebAppContext' (OnClassCondition)

   ServletWebServerFactoryConfiguration.EmbeddedUndertow:
      Did not match:
         - @ConditionalOnClass did not find required classes 'io.undertow.Undertow', 'org.xnio.SslClientAuthMode' (OnClassCondition)

   SessionAutoConfiguration:
      Did not match:
         - @ConditionalOnClass did not find required class 'org.springframework.session.Session' (OnClassCondition)

   SpringApplicationAdminJmxAutoConfiguration:
      Did not match:
         - @ConditionalOnBooleanProperty (spring.application.admin.enabled=true) did not find property 'spring.application.admin.enabled' (OnPropertyCondition)

   SpringBootWebSecurityConfiguration.SecurityFilterChainConfiguration:
      Did not match:
         - AllNestedConditions 1 matched 1 did not; NestedCondition on DefaultWebSecurityCondition.Beans @ConditionalOnMissingBean (types: org.springframework.security.web.SecurityFilterChain; SearchStrategy: all) found beans of type 'org.springframework.security.web.SecurityFilterChain' testFilterChain, filterChain; NestedCondition on DefaultWebSecurityCondition.Classes @ConditionalOnClass found required classes 'org.springframework.security.web.SecurityFilterChain', 'org.springframework.security.config.annotation.web.builders.HttpSecurity' (DefaultWebSecurityCondition)

   SpringBootWebSecurityConfiguration.WebSecurityEnablerConfiguration:
      Did not match:
         - @ConditionalOnMissingBean (names: springSecurityFilterChain; SearchStrategy: all) found beans named springSecurityFilterChain (OnBeanCondition)
      Matched:
         - @ConditionalOnClass found required class 'org.springframework.security.config.annotation.web.configuration.EnableWebSecurity' (OnClassCondition)

   TaskExecutorConfigurations.SimpleAsyncTaskExecutorBuilderConfiguration#simpleAsyncTaskExecutorBuilderVirtualThreads:
      Did not match:
         - @ConditionalOnMissingBean (types: org.springframework.boot.task.SimpleAsyncTaskExecutorBuilder; SearchStrategy: all) found beans of type 'org.springframework.boot.task.SimpleAsyncTaskExecutorBuilder' simpleAsyncTaskExecutorBuilder (OnBeanCondition)

   TaskExecutorConfigurations.TaskExecutorConfiguration#applicationTaskExecutorVirtualThreads:
      Did not match:
         - @ConditionalOnThreading did not find VIRTUAL (OnThreadingCondition)

   TaskSchedulingAutoConfiguration#scheduledBeanLazyInitializationExcludeFilter:
      Did not match:
         - @ConditionalOnBean (names: org.springframework.context.annotation.internalScheduledAnnotationProcessor; SearchStrategy: all) did not find any beans named org.springframework.context.annotation.internalScheduledAnnotationProcessor (OnBeanCondition)

   TaskSchedulingConfigurations.SimpleAsyncTaskSchedulerBuilderConfiguration#simpleAsyncTaskSchedulerBuilderVirtualThreads:
      Did not match:
         - @ConditionalOnMissingBean (types: org.springframework.boot.task.SimpleAsyncTaskSchedulerBuilder; SearchStrategy: all) found beans of type 'org.springframework.boot.task.SimpleAsyncTaskSchedulerBuilder' simpleAsyncTaskSchedulerBuilder (OnBeanCondition)

   TaskSchedulingConfigurations.TaskSchedulerConfiguration:
      Did not match:
         - @ConditionalOnBean (names: org.springframework.context.annotation.internalScheduledAnnotationProcessor; SearchStrategy: all) did not find any beans named org.springframework.context.annotation.internalScheduledAnnotationProcessor (OnBeanCondition)

   ThymeleafAutoConfiguration:
      Did not match:
         - @ConditionalOnClass did not find required class 'org.thymeleaf.spring6.SpringTemplateEngine' (OnClassCondition)

   TransactionAutoConfiguration#transactionalOperator:
      Did not match:
         - @ConditionalOnSingleCandidate (types: org.springframework.transaction.ReactiveTransactionManager; SearchStrategy: all) did not find any beans (OnBeanCondition)

   TransactionAutoConfiguration.AspectJTransactionManagementConfiguration:
      Did not match:
         - @ConditionalOnBean (types: org.springframework.transaction.aspectj.AbstractTransactionAspect; SearchStrategy: all) did not find any beans of type org.springframework.transaction.aspectj.AbstractTransactionAspect (OnBeanCondition)

   TransactionAutoConfiguration.EnableTransactionManagementConfiguration.JdkDynamicAutoProxyConfiguration:
      Did not match:
         - @ConditionalOnBooleanProperty (spring.aop.proxy-target-class=false) did not find property 'spring.aop.proxy-target-class' (OnPropertyCondition)

   UserDetailsServiceAutoConfiguration:
      Did not match:
         - @ConditionalOnMissingBean (types: org.springframework.security.authentication.AuthenticationManager,org.springframework.security.authentication.AuthenticationProvider,org.springframework.security.core.userdetails.UserDetailsService,org.springframework.security.authentication.AuthenticationManagerResolver,?; SearchStrategy: all) found beans of type 'org.springframework.security.authentication.AuthenticationManager' authManager and found beans of type 'org.springframework.security.core.userdetails.UserDetailsService' customUserDetailsService, userDetailsService (OnBeanCondition)
      Matched:
         - @ConditionalOnClass found required class 'org.springframework.security.authentication.AuthenticationManager' (OnClassCondition)
         - found 'session' scope (OnWebApplicationCondition)
         - AnyNestedCondition 1 matched 2 did not; NestedCondition on UserDetailsServiceAutoConfiguration.MissingAlternativeOrUserPropertiesConfigured.PasswordConfigured @ConditionalOnProperty (spring.security.user.password) did not find property 'spring.security.user.password'; NestedCondition on UserDetailsServiceAutoConfiguration.MissingAlternativeOrUserPropertiesConfigured.NameConfigured @ConditionalOnProperty (spring.security.user.name) did not find property 'spring.security.user.name'; NestedCondition on UserDetailsServiceAutoConfiguration.MissingAlternativeOrUserPropertiesConfigured.MissingAlternative @ConditionalOnMissingClass did not find unwanted classes 'org.springframework.security.oauth2.client.registration.ClientRegistrationRepository', 'org.springframework.security.oauth2.server.resource.introspection.OpaqueTokenIntrospector', 'org.springframework.security.saml2.provider.service.registration.RelyingPartyRegistrationRepository' (UserDetailsServiceAutoConfiguration.MissingAlternativeOrUserPropertiesConfigured)

   ValidationAutoConfiguration:
      Did not match:
         - @ConditionalOnClass did not find required class 'jakarta.validation.executable.ExecutableValidator' (OnClassCondition)

   WebClientAutoConfiguration:
      Did not match:
         - @ConditionalOnClass did not find required class 'org.springframework.web.reactive.function.client.WebClient' (OnClassCondition)

   WebFluxAutoConfiguration:
      Did not match:
         - @ConditionalOnClass did not find required class 'org.springframework.web.reactive.config.WebFluxConfigurer' (OnClassCondition)

   WebMvcAutoConfiguration#hiddenHttpMethodFilter:
      Did not match:
         - @ConditionalOnBooleanProperty (spring.mvc.hiddenmethod.filter.enabled=true) did not find property 'spring.mvc.hiddenmethod.filter.enabled' (OnPropertyCondition)

   WebMvcAutoConfiguration.ProblemDetailsErrorHandlingConfiguration:
      Did not match:
         - @ConditionalOnBooleanProperty (spring.mvc.problemdetails.enabled=true) did not find property 'spring.mvc.problemdetails.enabled' (OnPropertyCondition)

   WebMvcAutoConfiguration.ResourceChainCustomizerConfiguration:
      Did not match:
         - @ConditionalOnEnabledResourceChain did not find class org.webjars.WebJarVersionLocator (OnEnabledResourceChainCondition)

   WebMvcAutoConfiguration.WebMvcAutoConfigurationAdapter#beanNameViewResolver:
      Did not match:
         - @ConditionalOnMissingBean (types: org.springframework.web.servlet.view.BeanNameViewResolver; SearchStrategy: all) found beans of type 'org.springframework.web.servlet.view.BeanNameViewResolver' beanNameViewResolver (OnBeanCondition)

   WebServiceTemplateAutoConfiguration:
      Did not match:
         - @ConditionalOnClass did not find required class 'org.springframework.oxm.Marshaller' (OnClassCondition)

   WebServicesAutoConfiguration:
      Did not match:
         - @ConditionalOnClass did not find required class 'org.springframework.ws.transport.http.MessageDispatcherServlet' (OnClassCondition)

   WebSessionIdResolverAutoConfiguration:
      Did not match:
         - @ConditionalOnClass did not find required class 'reactor.core.publisher.Mono' (OnClassCondition)

   WebSocketMessagingAutoConfiguration:
      Did not match:
         - @ConditionalOnClass did not find required class 'org.springframework.web.socket.config.annotation.WebSocketMessageBrokerConfigurer' (OnClassCondition)

   WebSocketReactiveAutoConfiguration:
      Did not match:
         - @ConditionalOnWebApplication did not find reactive web application classes (OnWebApplicationCondition)

   WebSocketServletAutoConfiguration.JettyWebSocketConfiguration:
      Did not match:
         - @ConditionalOnClass did not find required class 'org.eclipse.jetty.ee10.websocket.jakarta.server.config.JakartaWebSocketServletContainerInitializer' (OnClassCondition)

   WebSocketServletAutoConfiguration.UndertowWebSocketConfiguration:
      Did not match:
         - @ConditionalOnClass did not find required class 'io.undertow.websockets.jsr.Bootstrap' (OnClassCondition)

   XADataSourceAutoConfiguration:
      Did not match:
         - @ConditionalOnBean (types: org.springframework.boot.jdbc.XADataSourceWrapper; SearchStrategy: all) did not find any beans of type org.springframework.boot.jdbc.XADataSourceWrapper (OnBeanCondition)
      Matched:
         - @ConditionalOnClass found required classes 'javax.sql.DataSource', 'jakarta.transaction.TransactionManager', 'org.springframework.jdbc.datasource.embedded.EmbeddedDatabaseType' (OnClassCondition)


Exclusions:
-----------

    None


Unconditional classes:
----------------------

    org.springframework.boot.autoconfigure.context.ConfigurationPropertiesAutoConfiguration

    org.springframework.boot.autoconfigure.ssl.SslAutoConfiguration

    org.springframework.boot.autoconfigure.context.LifecycleAutoConfiguration

    org.springframework.boot.autoconfigure.context.PropertyPlaceholderAutoConfiguration

    org.springframework.boot.autoconfigure.availability.ApplicationAvailabilityAutoConfiguration

    org.springframework.boot.autoconfigure.info.ProjectInfoAutoConfiguration



2025-08-14T11:46:22.337+01:00  INFO 15156 --- [InventoryManagementSystem] [           main] nventoryManagementSystemApplicationTests : Started InventoryManagementSystemApplicationTests in 1.266 seconds (process running for 19.907)
2025-08-14T11:46:22.338+01:00 DEBUG 15156 --- [InventoryManagementSystem] [           main] o.s.b.a.ApplicationAvailabilityBean      : Application availability state LivenessState changed to CORRECT
2025-08-14T11:46:22.339+01:00 DEBUG 15156 --- [InventoryManagementSystem] [           main] o.s.b.a.ApplicationAvailabilityBean      : Application availability state ReadinessState changed to ACCEPTING_TRAFFIC
2025-08-14T11:46:22.339+01:00 DEBUG 15156 --- [InventoryManagementSystem] [           main] org.springframework.test.context.cache   : Spring test ApplicationContext cache statistics: [DefaultContextCache@1f17fe4c size = 4, maxSize = 32, parentContextCount = 0, hitCount = 138, missCount = 4, failureCount = 0]
2025-08-14T11:46:22.339+01:00 DEBUG 15156 --- [InventoryManagementSystem] [           main] o.s.t.c.w.ServletTestExecutionListener   : Setting up MockHttpServletRequest, MockHttpServletResponse, ServletWebRequest, and RequestContextHolder for test class com.senolight.InventoryManagementSystem.InventoryManagementSystemApplicationTests
2025-08-14T11:46:22.340+01:00 DEBUG 15156 --- [InventoryManagementSystem] [           main] DependencyInjectionTestExecutionListener : Performing dependency injection for test class com.senolight.InventoryManagementSystem.InventoryManagementSystemApplicationTests
2025-08-14T11:46:22.341+01:00 DEBUG 15156 --- [InventoryManagementSystem] [           main] org.springframework.test.context.cache   : Spring test ApplicationContext cache statistics: [DefaultContextCache@1f17fe4c size = 4, maxSize = 32, parentContextCount = 0, hitCount = 139, missCount = 4, failureCount = 0]
2025-08-14T11:46:22.342+01:00 DEBUG 15156 --- [InventoryManagementSystem] [           main] org.springframework.test.context.cache   : Spring test ApplicationContext cache statistics: [DefaultContextCache@1f17fe4c size = 4, maxSize = 32, parentContextCount = 0, hitCount = 140, missCount = 4, failureCount = 0]
2025-08-14T11:46:22.344+01:00 DEBUG 15156 --- [InventoryManagementSystem] [           main] sContextBeforeModesTestExecutionListener : Before test method: class [InventoryManagementSystemApplicationTests], method [contextLoads], class annotated with @DirtiesContext [false] with mode [null], method annotated with @DirtiesContext [false] with mode [null]
2025-08-14T11:46:22.344+01:00 DEBUG 15156 --- [InventoryManagementSystem] [           main] org.springframework.test.context.cache   : Spring test ApplicationContext cache statistics: [DefaultContextCache@1f17fe4c size = 4, maxSize = 32, parentContextCount = 0, hitCount = 141, missCount = 4, failureCount = 0]
2025-08-14T11:46:22.345+01:00 DEBUG 15156 --- [InventoryManagementSystem] [           main] org.springframework.test.context.cache   : Spring test ApplicationContext cache statistics: [DefaultContextCache@1f17fe4c size = 4, maxSize = 32, parentContextCount = 0, hitCount = 142, missCount = 4, failureCount = 0]
2025-08-14T11:46:22.348+01:00 DEBUG 15156 --- [InventoryManagementSystem] [           main] org.springframework.test.context.cache   : Spring test ApplicationContext cache statistics: [DefaultContextCache@1f17fe4c size = 4, maxSize = 32, parentContextCount = 0, hitCount = 143, missCount = 4, failureCount = 0]
2025-08-14T11:46:22.349+01:00 DEBUG 15156 --- [InventoryManagementSystem] [           main] org.springframework.test.context.cache   : Spring test ApplicationContext cache statistics: [DefaultContextCache@1f17fe4c size = 4, maxSize = 32, parentContextCount = 0, hitCount = 144, missCount = 4, failureCount = 0]
2025-08-14T11:46:22.350+01:00 DEBUG 15156 --- [InventoryManagementSystem] [           main] org.springframework.test.context.cache   : Spring test ApplicationContext cache statistics: [DefaultContextCache@1f17fe4c size = 4, maxSize = 32, parentContextCount = 0, hitCount = 145, missCount = 4, failureCount = 0]
2025-08-14T11:46:22.351+01:00 DEBUG 15156 --- [InventoryManagementSystem] [           main] org.springframework.test.context.cache   : Spring test ApplicationContext cache statistics: [DefaultContextCache@1f17fe4c size = 4, maxSize = 32, parentContextCount = 0, hitCount = 146, missCount = 4, failureCount = 0]
2025-08-14T11:46:22.352+01:00 DEBUG 15156 --- [InventoryManagementSystem] [           main] org.springframework.test.context.cache   : Spring test ApplicationContext cache statistics: [DefaultContextCache@1f17fe4c size = 4, maxSize = 32, parentContextCount = 0, hitCount = 147, missCount = 4, failureCount = 0]
2025-08-14T11:46:22.352+01:00 DEBUG 15156 --- [InventoryManagementSystem] [           main] org.springframework.test.context.cache   : Spring test ApplicationContext cache statistics: [DefaultContextCache@1f17fe4c size = 4, maxSize = 32, parentContextCount = 0, hitCount = 148, missCount = 4, failureCount = 0]
2025-08-14T11:46:22.352+01:00 DEBUG 15156 --- [InventoryManagementSystem] [           main] org.springframework.test.context.cache   : Spring test ApplicationContext cache statistics: [DefaultContextCache@1f17fe4c size = 4, maxSize = 32, parentContextCount = 0, hitCount = 149, missCount = 4, failureCount = 0]
2025-08-14T11:46:22.352+01:00 DEBUG 15156 --- [InventoryManagementSystem] [           main] org.springframework.test.context.cache   : Spring test ApplicationContext cache statistics: [DefaultContextCache@1f17fe4c size = 4, maxSize = 32, parentContextCount = 0, hitCount = 150, missCount = 4, failureCount = 0]
2025-08-14T11:46:22.353+01:00 DEBUG 15156 --- [InventoryManagementSystem] [           main] org.springframework.test.context.cache   : Spring test ApplicationContext cache statistics: [DefaultContextCache@1f17fe4c size = 4, maxSize = 32, parentContextCount = 0, hitCount = 151, missCount = 4, failureCount = 0]
2025-08-14T11:46:22.354+01:00 DEBUG 15156 --- [InventoryManagementSystem] [           main] org.springframework.test.context.cache   : Spring test ApplicationContext cache statistics: [DefaultContextCache@1f17fe4c size = 4, maxSize = 32, parentContextCount = 0, hitCount = 152, missCount = 4, failureCount = 0]
2025-08-14T11:46:22.354+01:00 DEBUG 15156 --- [InventoryManagementSystem] [           main] .c.s.DirtiesContextTestExecutionListener : After test method: class [InventoryManagementSystemApplicationTests], method [contextLoads], class annotated with @DirtiesContext [false] with mode [null], method annotated with @DirtiesContext [false] with mode [null]
2025-08-14T11:46:22.354+01:00 DEBUG 15156 --- [InventoryManagementSystem] [           main] o.s.t.c.w.ServletTestExecutionListener   : Resetting RequestContextHolder for test class com.senolight.InventoryManagementSystem.InventoryManagementSystemApplicationTests
]]></system-out>
  </testcase>
</testsuite>